169 232 0.00268
152 209 0.00391
8 158 0.00516
123 206 0.00647
9 153 0.00702
157 220 0.00745
29 199 0.00775
39 127 0.00845
11 124 0.00886
132 194 0.01012
106 107 0.01034
92 138 0.01061
123 140 0.01217
210 212 0.01269
38 116 0.01398
229 242 0.01473
31 245 0.01475
125 156 0.01487
23 57 0.01508
145 249 0.01527
156 214 0.01559
97 200 0.01569
71 80 0.01576
164 212 0.01708
149 158 0.01712
129 240 0.01726
166 181 0.01756
45 205 0.01774
35 74 0.01812
64 200 0.01821
37 89 0.01841
22 28 0.01873
20 175 0.01925
59 115 0.01947
115 223 0.0206
79 240 0.02065
139 241 0.02076
177 192 0.02089
21 117 0.02095
45 50 0.02107
49 233 0.02109
107 194 0.02119
137 160 0.0231
155 239 0.02365
1 226 0.02383
53 227 0.02384
8 126 0.02442
29 243 0.02503
30 219 0.02524
5 79 0.02559
14 101 0.0256
58 198 0.02583
105 202 0.02597
38 77 0.02674
76 117 0.02706
44 208 0.02708
9 245 0.02711
92 147 0.02723
78 103 0.02737
85 175 0.0277
54 121 0.02782
25 210 0.02802
19 87 0.02813
179 237 0.02867
186 249 0.02896
208 222 0.02902
46 84 0.02906
48 219 0.02914
25 150 0.02915
111 215 0.0292
55 141 0.02922
184 216 0.03017
172 236 0.03106
102 197 0.03115
50 98 0.03121
109 197 0.03132
53 209 0.03135
41 221 0.0315
208 211 0.03158
100 148 0.03171
137 235 0.03185
63 234 0.03192
156 181 0.03246
50 226 0.03314
31 213 0.03314
6 27 0.03351
58 185 0.03368
130 167 0.03392
76 90 0.03394
41 165 0.03395
149 185 0.03398
26 61 0.03405
143 214 0.03433
157 215 0.03435
53 188 0.03447
122 171 0.03464
73 204 0.0347
30 225 0.03477
178 190 0.03512
10 24 0.03526
178 187 0.03537
66 189 0.03552
202 233 0.03557
176 247 0.03569
94 232 0.03594
41 191 0.03649
171 224 0.03653
23 35 0.03658
88 131 0.03684
12 83 0.03687
84 218 0.03695
73 190 0.03706
104 175 0.03708
211 220 0.03728
22 72 0.03782
6 103 0.03834
38 154 0.03846
42 183 0.03878
72 189 0.03894
122 183 0.03939
65 138 0.03977
102 140 0.03983
135 228 0.03986
16 212 0.04
155 246 0.04011
149 231 0.04043
117 165 0.0406
169 188 0.0408
92 219 0.04088
12 153 0.0414
204 250 0.04148
151 221 0.04158
203 205 0.04207
51 60 0.04226
154 242 0.04247
104 193 0.04287
177 203 0.04299
83 86 0.04344
113 160 0.04347
94 161 0.0436
69 177 0.04396
22 234 0.04409
99 237 0.04433
68 218 0.04501
82 135 0.04508
7 17 0.04529
147 228 0.0456
10 196 0.04585
56 113 0.0459
33 188 0.04594
75 216 0.04643
114 224 0.04665
141 148 0.04712
125 173 0.04713
66 185 0.0479
59 69 0.04795
4 154 0.04799
61 200 0.04868
120 135 0.04953
64 238 0.04962
43 136 0.05008
114 199 0.05009
57 121 0.05027
110 138 0.05083
3 52 0.05083
157 206 0.05088
90 195 0.0511
17 118 0.05134
67 207 0.05154
62 88 0.05163
70 174 0.05282
39 216 0.0529
159 224 0.05291
26 112 0.05309
37 42 0.05329
120 146 0.05361
7 130 0.05363
40 150 0.05382
161 192 0.0541
158 182 0.05473
164 223 0.05489
133 236 0.05508
7 237 0.05556
81 226 0.05577
40 67 0.0559
170 187 0.05624
87 142 0.0564
70 108 0.0564
201 204 0.05651
172 239 0.05664
208 213 0.05667
104 244 0.05731
159 250 0.05734
18 82 0.05763
13 199 0.05807
131 195 0.05825
132 144 0.05854
51 186 0.05942
3 87 0.0598
24 34 0.06032
93 236 0.0604
151 190 0.06046
13 36 0.06079
162 187 0.06124
110 216 0.06179
36 95 0.06254
14 134 0.06257
119 125 0.063
20 101 0.06397
5 56 0.06425
60 98 0.06442
100 163 0.06455
2 73 0.06506
43 182 0.06506
71 180 0.06528
31 180 0.0657
28 241 0.06581
105 249 0.0664
15 134 0.06649
43 109 0.06664
18 230 0.06676
12 247 0.06678
191 248 0.0668
136 142 0.06693
62 112 0.06739
172 214 0.06758
134 167 0.06778
84 233 0.06812
47 170 0.06854
20 71 0.06872
119 198 0.06902
54 146 0.06902
91 174 0.06973
24 59 0.07072
78 139 0.07171
17 148 0.07171
77 96 0.0737
11 176 0.07429
9 144 0.07437
2 108 0.07484
168 225 0.07521
49 217 0.07531
18 171 0.07756
103 227 0.07775
32 242 0.07871
95 142 0.0807
88 235 0.08302
4 68 0.09725
90 128 0.10682
10.4635
