1 226 0.02383
50 226 0.03314
45 50 0.02107
45 205 0.01774
50 98 0.03121
203 205 0.04207
177 203 0.04299
177 192 0.02089
69 177 0.04396
59 69 0.04795
59 115 0.01947
115 223 0.0206
161 192 0.0541
94 161 0.0436
94 232 0.03594
169 232 0.00268
169 188 0.0408
53 188 0.03447
53 227 0.02384
53 209 0.03135
152 209 0.00391
33 188 0.04594
164 223 0.05489
164 212 0.01708
210 212 0.01269
25 210 0.02802
25 150 0.02915
16 212 0.04
40 150 0.05382
81 226 0.05577
40 67 0.0559
67 207 0.05154
60 98 0.06442
51 60 0.04226
51 186 0.05942
186 249 0.02896
145 249 0.01527
105 249 0.0664
105 202 0.02597
202 233 0.03557
49 233 0.02109
84 233 0.06812
46 84 0.02906
84 218 0.03695
68 218 0.04501
24 59 0.07072
10 24 0.03526
10 196 0.04585
24 34 0.06032
49 217 0.07531
103 227 0.07775
78 103 0.02737
6 103 0.03834
6 27 0.03351
78 139 0.07171
139 241 0.02076
28 241 0.06581
22 28 0.01873
22 72 0.03782
72 189 0.03894
66 189 0.03552
22 234 0.04409
63 234 0.03192
66 185 0.0479
58 185 0.03368
58 198 0.02583
149 185 0.03398
149 158 0.01712
8 158 0.00516
8 126 0.02442
149 231 0.04043
158 182 0.05473
43 182 0.06506
43 136 0.05008
43 109 0.06664
109 197 0.03132
102 197 0.03115
102 140 0.03983
123 140 0.01217
123 206 0.00647
157 206 0.05088
157 220 0.00745
157 215 0.03435
111 215 0.0292
211 220 0.03728
208 211 0.03158
44 208 0.02708
208 222 0.02902
208 213 0.05667
31 213 0.03314
31 245 0.01475
9 245 0.02711
9 153 0.00702
12 153 0.0414
12 83 0.03687
83 86 0.04344
31 180 0.0657
71 180 0.06528
71 80 0.01576
12 247 0.06678
176 247 0.03569
136 142 0.06693
87 142 0.0564
19 87 0.02813
3 87 0.0598
3 52 0.05083
20 71 0.06872
20 175 0.01925
85 175 0.0277
104 175 0.03708
104 193 0.04287
104 244 0.05731
20 101 0.06397
14 101 0.0256
14 134 0.06257
15 134 0.06649
134 167 0.06778
130 167 0.03392
7 130 0.05363
7 17 0.04529
17 118 0.05134
7 237 0.05556
179 237 0.02867
99 237 0.04433
119 198 0.06902
119 125 0.063
125 156 0.01487
156 214 0.01559
156 181 0.03246
166 181 0.01756
143 214 0.03433
125 173 0.04713
172 214 0.06758
172 236 0.03106
133 236 0.05508
172 239 0.05664
155 239 0.02365
155 246 0.04011
93 236 0.0604
17 148 0.07171
100 148 0.03171
141 148 0.04712
55 141 0.02922
100 163 0.06455
11 176 0.07429
11 124 0.00886
9 144 0.07437
132 144 0.05854
132 194 0.01012
107 194 0.02119
106 107 0.01034
95 142 0.0807
36 95 0.06254
13 36 0.06079
13 199 0.05807
29 199 0.00775
29 243 0.02503
114 199 0.05009
114 224 0.04665
171 224 0.03653
122 171 0.03464
122 183 0.03939
42 183 0.03878
159 224 0.05291
37 42 0.05329
37 89 0.01841
159 250 0.05734
204 250 0.04148
73 204 0.0347
73 190 0.03706
178 190 0.03512
178 187 0.03537
170 187 0.05624
201 204 0.05651
151 190 0.06046
151 221 0.04158
41 221 0.0315
41 165 0.03395
41 191 0.03649
117 165 0.0406
21 117 0.02095
76 117 0.02706
76 90 0.03394
90 195 0.0511
131 195 0.05825
88 131 0.03684
62 88 0.05163
162 187 0.06124
2 73 0.06506
191 248 0.0668
62 112 0.06739
26 112 0.05309
26 61 0.03405
61 200 0.04868
97 200 0.01569
64 200 0.01821
64 238 0.04962
47 170 0.06854
2 108 0.07484
70 108 0.0564
70 174 0.05282
91 174 0.06973
18 171 0.07756
18 82 0.05763
82 135 0.04508
135 228 0.03986
147 228 0.0456
92 147 0.02723
92 138 0.01061
65 138 0.03977
92 219 0.04088
30 219 0.02524
48 219 0.02914
30 225 0.03477
120 135 0.04953
110 138 0.05083
120 146 0.05361
110 216 0.06179
184 216 0.03017
75 216 0.04643
39 216 0.0529
39 127 0.00845
18 230 0.06676
54 146 0.06902
54 121 0.02782
57 121 0.05027
23 57 0.01508
23 35 0.03658
35 74 0.01812
168 225 0.07521
88 235 0.08302
137 235 0.03185
137 160 0.0231
113 160 0.04347
56 113 0.0459
5 56 0.06425
5 79 0.02559
79 240 0.02065
129 240 0.01726
4 68 0.09725
4 154 0.04799
38 154 0.03846
38 116 0.01398
38 77 0.02674
154 242 0.04247
229 242 0.01473
77 96 0.0737
32 242 0.07871
90 128 0.10682
10.4635
