17 -> 411
411 -> 11
11 -> 341
341 -> 149
149 -> 213
213 -> 376
376 -> 29
29 -> 375
375 -> 2
2 -> 158
158 -> 8
8 -> 186
186 -> 208
208 -> 346
346 -> 20
20 -> 93
93 -> 411
411 -> 11
11 -> 206
206 -> 487
487 -> 413
413 -> 442
442 -> 36
36 -> 236
236 -> 171
171 -> 84
84 -> 495
495 -> 81
81 -> 122
122 -> 2
2 -> 101
101 -> 31
31 -> 290
290 -> 441
441 -> 457
457 -> 1
1 -> 94
94 -> 264
264 -> 375
375 -> 94
94 -> 420
420 -> 159
159 -> 56
56 -> 128
128 -> 283
283 -> 75
75 -> 496
496 -> 192
192 -> 364
364 -> 200
200 -> 179
179 -> 277
277 -> 419
419 -> 492
492 -> 288
288 -> 367
367 -> 75
75 -> 61
61 -> 447
447 -> 196
196 -> 340
340 -> 324
324 -> 4
4 -> 129
129 -> 42
42 -> 461
461 -> 405
405 -> 134
134 -> 224
224 -> 57
57 -> 5
5 -> 420
420 -> 216
216 -> 338
338 -> 323
323 -> 275
275 -> 189
189 -> 319
319 -> 467
467 -> 52
52 -> 296
296 -> 423
423 -> 106
106 -> 215
215 -> 415
415 -> 393
393 -> 80
80 -> 267
267 -> 231
231 -> 305
305 -> 239
239 -> 70
70 -> 406
406 -> 243
243 -> 475
475 -> 446
446 -> 481
481 -> 379
379 -> 357
357 -> 203
203 -> 215
215 -> 139
139 -> 400
400 -> 430
430 -> 476
476 -> 223
223 -> 482
482 -> 164
164 -> 319
319 -> 448
448 -> 216
216 -> 114
114 -> 149
149 -> 322
322 -> 105
105 -> 340
340 -> 492
492 -> 461
461 -> 382
382 -> 223
223 -> 43
43 -> 123
123 -> 70
70 -> 448
448 -> 142
142 -> 45
45 -> 172
172 -> 122
122 -> 202
202 -> 28
28 -> 103
103 -> 415
415 -> 444
444 -> 1
1 -> 122
122 -> 419
419 -> 1
1 -> 103
103 -> 361
361 -> 319
319 -> 328
328 -> 354
354 -> 433
433 -> 475
475 -> 451
451 -> 314
314 -> 91
91 -> 443
443 -> 275
275 -> 473
473 -> 442
442 -> 318
318 -> 372
372 -> 13
13 -> 44
44 -> 13
13 -> 58
58 -> 215
215 -> 134
134 -> 258
258 -> 19
19 -> 236
236 -> 450
450 -> 463
463 -> 236
236 -> 70
70 -> 159
159 -> 14
14 -> 173
173 -> 18
18 -> 333
333 -> 276
276 -> 148
148 -> 265
265 -> 28
28 -> 100
100 -> 356
356 -> 118
118 -> 42
42 -> 132
132 -> 368
368 -> 261
261 -> 226
226 -> 240
240 -> 274
274 -> 268
268 -> 251
251 -> 107
107 -> 260
260 -> 386
386 -> 142
142 -> 279
279 -> 398
398 -> 91
91 -> 18
18 -> 411
411 -> 160
160 -> 176
176 -> 425
425 -> 109
109 -> 471
471 -> 256
256 -> 162
162 -> 118
118 -> 299
299 -> 189
189 -> 495
495 -> 153
153 -> 307
307 -> 314
314 -> 61
61 -> 452
452 -> 74
74 -> 287
287 -> 190
190 -> 348
348 -> 332
332 -> 218
218 -> 232
232 -> 369
369 -> 381
381 -> 372
372 -> 146
146 -> 279
279 -> 463
463 -> 440
440 -> 188
188 -> 401
401 -> 393
393 -> 112
112 -> 9
9 -> 364
364 -> 146
146 -> 172
172 -> 259
259 -> 444
444 -> 137
137 -> 30
30 -> 97
97 -> 222
222 -> 343
343 -> 435
435 -> 172
172 -> 417
417 -> 498
498 -> 139
139 -> 41
41 -> 108
108 -> 357
357 -> 271
271 -> 476
476 -> 237
237 -> 144
144 -> 399
399 -> 15
15 -> 384
384 -> 339
339 -> 480
480 -> 283
283 -> 232
232 -> 92
92 -> 70
70 -> 373
373 -> 237
237 -> 18
18 -> 408
408 -> 458
458 -> 154
154 -> 438
438 -> 330
330 -> 375
375 -> 279
279 -> 264
264 -> 324
324 -> 473
473 -> 262
262 -> 462
462 -> 13
13 -> 369
369 -> 318
318 -> 62
62 -> 344
344 -> 332
332 -> 483
483 -> 242
242 -> 347
347 -> 366
366 -> 358
358 -> 103
103 -> 427
427 -> 90
90 -> 195
195 -> 496
496 -> 239
239 -> 208
208 -> 291
291 -> 146
146 -> 166
166 -> 222
222 -> 83
83 -> 496
496 -> 373
373 -> 140
140 -> 37
37 -> 197
197 -> 112
112 -> 76
76 -> 436
436 -> 402
402 -> 445
445 -> 31
31 -> 464
464 -> 65
65 -> 363
363 -> 223
223 -> 84
84 -> 486
486 -> 365
365 -> 219
219 -> 88
88 -> 292
292 -> 309
309 -> 60
60 -> 65
65 -> 325
325 -> 267
267 -> 131
131 -> 471
471 -> 210
210 -> 353
353 -> 330
330 -> 483
483 -> 225
225 -> 248
248 -> 19
19 -> 199
199 -> 360
360 -> 95
95 -> 134
134 -> 39
39 -> 317
317 -> 163
163 -> 2
2 -> 159
159 -> 303
303 -> 2
2 -> 21
21 -> 288
288 -> 367
367 -> 238
238 -> 153
153 -> 436
436 -> 324
324 -> 212
212 -> 277
277 -> 148
148 -> 257
257 -> 408
408 -> 395
395 -> 466
466 -> 259
259 -> 226
226 -> 448
448 -> 261
261 -> 473
473 -> 466
466 -> 236
236 -> 109
109 -> 339
339 -> 370
370 -> 147
147 -> 155
155 -> 310
310 -> 426
426 -> 89
89 -> 390
390 -> 427
427 -> 108
108 -> 177
177 -> 71
71 -> 347
347 -> 106
106 -> 6
6 -> 171
171 -> 318
318 -> 281
281 -> 318
318 -> 74
74 -> 189
189 -> 214
214 -> 317
317 -> 224
224 -> 216
216 -> 265
265 -> 262
262 -> 466
466 -> 8
8 -> 499
499 -> 75
75 -> 124
124 -> 146
146 -> 499
499 -> 54
54 -> 232
232 -> 202
202 -> 142
142 -> 120
120 -> 129
129 -> 251
251 -> 297
297 -> 476
476 -> 96
96 -> 180
180 -> 481
481 -> 265
265 -> 497
497 -> 40
40 -> 360
360 -> 347
347 -> 5
5 -> 73
73 -> 441
441 -> 7
7 -> 66
66 -> 205
205 -> 269
269 -> 31
31 -> 489
489 -> 44
44 -> 383
383 -> 389
389 -> 188
188 -> 381
381 -> 442
442 -> 419
419 -> 82
82 -> 85
85 -> 39
39 -> 488
488 -> 333
333 -> 112
112 -> 463
463 -> 206
206 -> 292
292 -> 221
221 -> 471
471 -> 65
65 -> 261
261 -> 107
107 -> 412
412 -> 42
42 -> 180
180 -> 129
129 -> 48
48 -> 21
21 -> 334
334 -> 94
94 -> 51
51 -> 100
100 -> 138
138 -> 433
433 -> 265
265 -> 326
326 -> 91
91 -> 207
207 -> 22
22 -> 450
450 -> 67
67 -> 60
60 -> 215
215 -> 400
400 -> 450
450 -> 177
177 -> 105
105 -> 241
241 -> 175
175 -> 353
353 -> 82
82 -> 213
213 -> 460
460 -> 270
270 -> 253
253 -> 416
416 -> 398
398 -> 79
79 -> 436
436 -> 9
9 -> 173
173 -> 265
265 -> 386
386 -> 308
308 -> 474
474 -> 150
150 -> 411
411 -> 64
64 -> 356
356 -> 432
432 -> 291
291 -> 423
423 -> 269
269 -> 5
5 -> 100
100 -> 219
219 -> 459
459 -> 482
482 -> 235
235 -> 133
133 -> 111
111 -> 317
317 -> 122
122 -> 348
348 -> 86
86 -> 154
154 -> 40
40 -> 484
484 -> 231
231 -> 476
476 -> 270
270 -> 403
403 -> 17
17 -> 156
156 -> 211
211 -> 490
490 -> 304
304 -> 121
121 -> 332
332 -> 437
437 -> 329
329 -> 122
122 -> 359
359 -> 98
98 -> 404
404 -> 235
235 -> 316
316 -> 363
363 -> 216
216 -> 328
328 -> 272
272 -> 104
104 -> 421
421 -> 394
394 -> 452
452 -> 6
6 -> 48
48 -> 491
491 -> 267
267 -> 55
55 -> 244
244 -> 37
37 -> 457
457 -> 259
259 -> 469
469 -> 166
166 -> 27
27 -> 273
273 -> 64
64 -> 358
358 -> 208
208 -> 394
394 -> 256
256 -> 345
345 -> 268
268 -> 159
159 -> 79
79 -> 362
362 -> 298
298 -> 72
72 -> 189
189 -> 349
349 -> 175
175 -> 109
109 -> 20
20 -> 127
127 -> 392
392 -> 343
343 -> 395
395 -> 436
436 -> 397
397 -> 137
137 -> 250
250 -> 354
354 -> 174
174 -> 218
218 -> 297
297 -> 478
478 -> 489
489 -> 360
360 -> 334
334 -> 475
475 -> 31
31 -> 368
368 -> 318
318 -> 298
298 -> 304
304 -> 174
174 -> 437
437 -> 102
102 -> 23
23 -> 126
126 -> 228
228 -> 197
197 -> 11
11 -> 247
247 -> 101
101 -> 402
402 -> 89
89 -> 273
273 -> 338
338 -> 486
486 -> 186
186 -> 86
86 -> 339
339 -> 360
360 -> 303
303 -> 412
412 -> 336
336 -> 69
69 -> 49
49 -> 448
448 -> 43
43 -> 80
80 -> 93
93 -> 139
139 -> 156
156 -> 396
396 -> 89
89 -> 369
369 -> 274
274 -> 111
111 -> 493
493 -> 1
1 -> 87
87 -> 3
3 -> 247
247 -> 464
464 -> 182
182 -> 112
112 -> 236
236 -> 297
297 -> 97
97 -> 421
421 -> 159
159 -> 213
213 -> 58
58 -> 462
462 -> 123
123 -> 172
172 -> 309
309 -> 172
172 -> 119
119 -> 129
129 -> 28
28 -> 211
211 -> 44
44 -> 460
460 -> 382
382 -> 132
132 -> 329
329 -> 156
156 -> 21
21 -> 99
99 -> 157
157 -> 384
384 -> 378
378 -> 179
179 -> 347
347 -> 337
337 -> 290
290 -> 81
81 -> 134
134 -> 165
165 -> 279
279 -> 292
292 -> 376
376 -> 113
113 -> 31
31 -> 277
277 -> 285
285 -> 339
339 -> 225
225 -> 403
403 -> 243
243 -> 30
30 -> 390
390 -> 286
286 -> 490
490 -> 272
272 -> 196
196 -> 95
95 -> 428
428 -> 216
216 -> 192
192 -> 362
362 -> 99
99 -> 348
348 -> 317
317 -> 222
222 -> 184
184 -> 386
386 -> 80
80 -> 317
317 -> 327
327 -> 135
135 -> 108
108 -> 480
480 -> 248
248 -> 416
416 -> 255
255 -> 32
32 -> 254
254 -> 480
480 -> 433
433 -> 273
273 -> 9
9 -> 101
101 -> 60
60 -> 276
276 -> 372
372 -> 33
33 -> 148
148 -> 77
77 -> 26
26 -> 340
340 -> 215
215 -> 402
402 -> 464
464 -> 32
32 -> 124
124 -> 149
149 -> 195
195 -> 203
203 -> 464
464 -> 21
21 -> 115
115 -> 349
349 -> 500
500 -> 361
361 -> 263
263 -> 32
32 -> 393
393 -> 293
293 -> 288
288 -> 103
103 -> 345
345 -> 74
74 -> 204
204 -> 404
404 -> 349
349 -> 352
352 -> 213
213 -> 496
496 -> 427
427 -> 238
238 -> 112
112 -> 143
143 -> 139
139 -> 76
76 -> 452
452 -> 39
39 -> 224
224 -> 423
423 -> 18
18 -> 464
464 -> 442
442 -> 131
131 -> 90
90 -> 220
220 -> 493
493 -> 130
130 -> 251
251 -> 385
385 -> 201
201 -> 38
38 -> 488
488 -> 45
45 -> 113
113 -> 468
468 -> 225
225 -> 239
239 -> 319
319 -> 438
438 -> 233
233 -> 247
247 -> 175
175 -> 123
123 -> 166
166 -> 91
91 -> 199
199 -> 394
394 -> 129
129 -> 199
199 -> 317
317 -> 146
146 -> 439
439 -> 36
36 -> 55
55 -> 28
28 -> 256
256 -> 46
46 -> 436
436 -> 282
282 -> 431
431 -> 136
136 -> 321
321 -> 195
195 -> 180
180 -> 210
210 -> 440
440 -> 404
404 -> 447
447 -> 257
257 -> 119
119 -> 457
457 -> 280
280 -> 71
71 -> 80
80 -> 224
224 -> 161
161 -> 54
54 -> 394
394 -> 67
67 -> 29
29 -> 210
210 -> 490
490 -> 467
467 -> 23
23 -> 44
44 -> 273
273 -> 55
55 -> 90
90 -> 208
208 -> 337
337 -> 296
296 -> 343
343 -> 434
434 -> 268
268 -> 300
300 -> 142
142 -> 208
208 -> 481
481 -> 365
365 -> 241
241 -> 377
377 -> 322
322 -> 299
299 -> 447
447 -> 178
178 -> 22
22 -> 385
385 -> 232
232 -> 415
415 -> 228
228 -> 38
38 -> 402
402 -> 217
217 -> 283
283 -> 201
201 -> 38
38 -> 56
56 -> 256
256 -> 126
126 -> 39
39 -> 369
369 -> 199
199 -> 159
159 -> 303
303 -> 244
244 -> 235
235 -> 221
221 -> 229
229 -> 216
216 -> 87
87 -> 469
469 -> 92
92 -> 409
409 -> 267
267 -> 317
317 -> 86
86 -> 66
66 -> 201
201 -> 95
95 -> 481
481 -> 428
428 -> 133
133 -> 160
160 -> 423
423 -> 192
192 -> 360
360 -> 460
460 -> 24
24 -> 115
115 -> 363
363 -> 63
63 -> 482
482 -> 338
338 -> 499
499 -> 61
61 -> 83
83 -> 234
234 -> 283
283 -> 87
87 -> 449
449 -> 368
368 -> 333
333 -> 318
318 -> 276
276 -> 378
378 -> 412
412 -> 139
139 -> 444
444 -> 111
111 -> 12
12 -> 202
202 -> 317
317 -> 422
422 -> 359
359 -> 17
17 -> 114
114 -> 496
496 -> 475
475 -> 137
137 -> 387
387 -> 116
116 -> 200
200 -> 145
145 -> 454
454 -> 475
475 -> 206
206 -> 314
314 -> 207
207 -> 488
488 -> 399
399 -> 434
434 -> 355
355 -> 232
232 -> 29
29 -> 409
409 -> 110
110 -> 440
440 -> 324
324 -> 331
331 -> 50
50 -> 336
336 -> 31
31 -> 145
145 -> 34
34 -> 168
168 -> 160
160 -> 147
147 -> 163
163 -> 413
413 -> 283
283 -> 48
48 -> 28
28 -> 260
260 -> 470
470 -> 482
482 -> 233
233 -> 175
175 -> 72
72 -> 218
218 -> 162
162 -> 471
471 -> 150
150 -> 295
295 -> 481
481 -> 178
178 -> 480
480 -> 90
90 -> 118
118 -> 82
82 -> 420
420 -> 445
445 -> 194
194 -> 228
228 -> 366
366 -> 228
228 -> 394
394 -> 25
25 -> 375
375 -> 332
332 -> 214
214 -> 435
435 -> 157
157 -> 243
243 -> 471
471 -> 126
126 -> 1
1 -> 481
481 -> 79
79 -> 72
72 -> 198
198 -> 241
241 -> 320
320 -> 348
348 -> 312
312 -> 299
299 -> 25
25 -> 70
70 -> 167
167 -> 420
420 -> 428
428 -> 362
362 -> 364
364 -> 122
122 -> 89
89 -> 229
229 -> 350
350 -> 259
259 -> 30
30 -> 1
1 -> 369
369 -> 21
21 -> 213
213 -> 303
303 -> 262
262 -> 182
182 -> 429
429 -> 40
40 -> 163
163 -> 7
7 -> 389
389 -> 136
136 -> 24
24 -> 209
209 -> 483
483 -> 113
113 -> 285
285 -> 286
286 -> 460
460 -> 450
450 -> 204
204 -> 387
387 -> 312
312 -> 345
345 -> 285
285 -> 179
179 -> 350
350 -> 134
134 -> 216
216 -> 156
156 -> 412
412 -> 361
361 -> 176
176 -> 123
123 -> 164
164 -> 439
439 -> 82
82 -> 369
369 -> 255
255 -> 21
21 -> 153
153 -> 422
422 -> 157
157 -> 454
454 -> 129
129 -> 417
417 -> 66
66 -> 191
191 -> 202
202 -> 303
303 -> 140
140 -> 183
183 -> 467
467 -> 230
230 -> 26
26 -> 252
252 -> 186
186 -> 152
152 -> 164
164 -> 179
179 -> 308
308 -> 74
74 -> 39
39 -> 484
484 -> 474
474 -> 202
202 -> 199
199 -> 334
334 -> 348
348 -> 454
454 -> 354
354 -> 500
500 -> 374
374 -> 11
11 -> 453
453 -> 280
280 -> 427
427 -> 295
295 -> 471
471 -> 405
405 -> 375
375 -> 388
388 -> 87
87 -> 342
342 -> 117
117 -> 391
391 -> 92
92 -> 80
80 -> 42
42 -> 255
255 -> 259
259 -> 350
350 -> 106
106 -> 297
297 -> 110
110 -> 358
358 -> 275
275 -> 309
309 -> 190
190 -> 123
123 -> 262
262 -> 44
44 -> 400
400 -> 414
414 -> 331
331 -> 129
129 -> 471
471 -> 36
36 -> 202
202 -> 441
441 -> 218
218 -> 76
76 -> 329
329 -> 82
82 -> 417
417 -> 222
222 -> 472
472 -> 286
286 -> 303
303 -> 291
291 -> 318
318 -> 338
338 -> 418
418 -> 200
200 -> 133
133 -> 27
27 -> 58
58 -> 187
187 -> 335
335 -> 247
247 -> 309
309 -> 373
373 -> 68
68 -> 485
485 -> 63
63 -> 178
178 -> 113
113 -> 34
34 -> 213
213 -> 314
314 -> 251
251 -> 207
207 -> 167
167 -> 79
79 -> 289
289 -> 361
361 -> 79
79 -> 38
38 -> 147
147 -> 159
159 -> 329
329 -> 241
241 -> 495
495 -> 245
245 -> 441
441 -> 127
127 -> 49
49 -> 498
498 -> 312
312 -> 160
160 -> 22
22 -> 398
398 -> 32
32 -> 90
90 -> 160
160 -> 95
95 -> 43
43 -> 272
272 -> 128
128 -> 32
32 -> 363
363 -> 379
379 -> 238
238 -> 29
29 -> 236
236 -> 27
27 -> 389
389 -> 91
91 -> 64
64 -> 313
313 -> 248
248 -> 169
169 -> 53
53 -> 243
243 -> 191
191 -> 493
493 -> 146
146 -> 240
240 -> 268
268 -> 236
236 -> 399
399 -> 288
288 -> 411
411 -> 207
207 -> 155
155 -> 70
70 -> 302
302 -> 475
475 -> 118
118 -> 207
207 -> 7
7 -> 480
480 -> 362
362 -> 244
244 -> 286
286 -> 375
375 -> 48
48 -> 452
452 -> 465
465 -> 111
111 -> 264
264 -> 490
490 -> 279
279 -> 93
93 -> 232
232 -> 470
470 -> 85
85 -> 155
155 -> 486
486 -> 130
130 -> 168
168 -> 161
161 -> 196
196 -> 356
356 -> 369
369 -> 127
127 -> 425
425 -> 169
169 -> 102
102 -> 320
320 -> 153
153 -> 108
108 -> 300
300 -> 15
15 -> 130
130 -> 362
362 -> 389
389 -> 177
177 -> 313
313 -> 130
130 -> 288
288 -> 75
75 -> 120
120 -> 345
345 -> 167
167 -> 127
127 -> 91
91 -> 30
30 -> 59
59 -> 355
355 -> 437
437 -> 225
225 -> 15
15 -> 132
132 -> 80
80 -> 383
383 -> 258
258 -> 282
282 -> 330
330 -> 137
137 -> 100
100 -> 482
482 -> 244
244 -> 176
176 -> 274
274 -> 373
373 -> 38
38 -> 439
439 -> 49
49 -> 128
128 -> 68
68 -> 115
115 -> 480
480 -> 463
463 -> 235
235 -> 146
146 -> 90
90 -> 104
104 -> 453
453 -> 147
147 -> 457
457 -> 388
388 -> 149
149 -> 472
472 -> 297
297 -> 228
228 -> 131
131 -> 333
333 -> 286
286 -> 460
460 -> 469
469 -> 386
386 -> 218
218 -> 490
490 -> 62
62 -> 491
491 -> 361
361 -> 377
377 -> 429
429 -> 188
188 -> 282
282 -> 273
273 -> 79
79 -> 261
261 -> 236
236 -> 91
91 -> 184
184 -> 103
103 -> 194
194 -> 136
136 -> 251
251 -> 150
150 -> 302
302 -> 176
176 -> 399
399 -> 375
375 -> 405
405 -> 29
29 -> 208
208 -> 190
190 -> 267
267 -> 175
175 -> 354
354 -> 484
484 -> 164
164 -> 194
194 -> 475
475 -> 303
303 -> 347
347 -> 180
180 -> 269
269 -> 127
127 -> 232
232 -> 347
347 -> 387
387 -> 467
467 -> 214
214 -> 70
70 -> 348
348 -> 407
407 -> 483
483 -> 374
374 -> 333
333 -> 61
61 -> 50
50 -> 9
9 -> 437
437 -> 231
231 -> 38
38 -> 144
144 -> 200
200 -> 81
81 -> 97
97 -> 52
52 -> 65
65 -> 37
37 -> 245
245 -> 316
316 -> 117
117 -> 369
369 -> 273
273 -> 385
385 -> 495
495 -> 4
4 -> 9
9 -> 382
382 -> 247
247 -> 221
221 -> 229
229 -> 94
94 -> 406
406 -> 210
210 -> 468
468 -> 238
238 -> 271
271 -> 18
18 -> 248
248 -> 484
484 -> 26
26 -> 63
63 -> 128
128 -> 225
225 -> 142
142 -> 500
500 -> 276
276 -> 483
483 -> 313
313 -> 297
297 -> 299
299 -> 431
431 -> 165
165 -> 349
349 -> 92
92 -> 438
438 -> 351
351 -> 100
100 -> 96
96 -> 99
99 -> 98
98 -> 324
324 -> 470
470 -> 3
3 -> 34
34 -> 437
437 -> 19
19 -> 81
81 -> 232
232 -> 266
266 -> 64
64 -> 258
258 -> 327
327 -> 468
468 -> 481
481 -> 245
245 -> 244
244 -> 34
34 -> 228
228 -> 57
57 -> 110
110 -> 303
303 -> 264
264 -> 274
274 -> 150
150 -> 357
357 -> 488
488 -> 278
278 -> 233
233 -> 83
83 -> 377
377 -> 108
108 -> 406
406 -> 123
123 -> 111
111 -> 216
216 -> 59
59 -> 130
130 -> 73
73 -> 68
68 -> 172
172 -> 136
136 -> 325
325 -> 497
497 -> 380
380 -> 82
82 -> 19
19 -> 125
125 -> 116
116 -> 23
23 -> 458
458 -> 224
224 -> 326
326 -> 222
222 -> 275
275 -> 252
252 -> 356
356 -> 262
262 -> 31
31 -> 366
366 -> 122
122 -> 185
185 -> 473
473 -> 28
28 -> 307
307 -> 83
83 -> 20
20 -> 143
143 -> 489
489 -> 92
92 -> 210
210 -> 159
159 -> 5
5 -> 311
311 -> 433
433 -> 162
162 -> 393
393 -> 451
451 -> 63
63 -> 286
286 -> 474
474 -> 21
21 -> 287
287 -> 76
76 -> 20
20 -> 338
338 -> 327
327 -> 152
152 -> 99
99 -> 136
136 -> 17
17 -> 499
499 -> 318
318 -> 489
489 -> 26
26 -> 402
402 -> 72
72 -> 45
45 -> 44
44 -> 338
338 -> 415
415 -> 30
30 -> 497
497 -> 418
418 -> 340
340 -> 206
206 -> 359
359 -> 10
10 -> 435
435 -> 420
420 -> 294
294 -> 408
408 -> 441
441 -> 357
357 -> 260
260 -> 237
237 -> 194
194 -> 365
365 -> 389
389 -> 71
71 -> 500
500 -> 404
404 -> 69
69 -> 96
96 -> 394
394 -> 94
94 -> 497
497 -> 242
242 -> 416
416 -> 317
317 -> 79
79 -> 108
108 -> 347
347 -> 353
353 -> 303
303 -> 464
464 -> 59
59 -> 162
162 -> 473
473 -> 493
493 -> 81
81 -> 267
267 -> 177
177 -> 300
300 -> 123
123 -> 215
215 -> 36
36 -> 96
96 -> 78
78 -> 203
203 -> 165
165 -> 355
355 -> 384
384 -> 233
233 -> 450
450 -> 54
54 -> 105
105 -> 224
224 -> 296
296 -> 297
297 -> 318
318 -> 152
152 -> 404
404 -> 163
163 -> 282
282 -> 206
206 -> 127
127 -> 117
117 -> 367
367 -> 377
377 -> 387
387 -> 447
447 -> 143
143 -> 341
341 -> 23
23 -> 44
44 -> 55
55 -> 60
60 -> 138
138 -> 410
410 -> 38
38 -> 80
80 -> 264
264 -> 421
421 -> 311
311 -> 490
490 -> 474
474 -> 414
414 -> 212
212 -> 47
47 -> 212
212 -> 29
29 -> 476
476 -> 391
391 -> 470
470 -> 257
257 -> 97
97 -> 374
374 -> 151
151 -> 241
241 -> 250
250 -> 38
38 -> 464
464 -> 169
169 -> 378
378 -> 487
487 -> 490
490 -> 209
209 -> 323
323 -> 404
404 -> 118
118 -> 360
360 -> 483
483 -> 380
380 -> 279
279 -> 71
71 -> 149
149 -> 31
31 -> 486
486 -> 359
359 -> 78
78 -> 474
474 -> 166
166 -> 53
53 -> 365
365 -> 413
413 -> 87
87 -> 461
461 -> 63
63 -> 239
239 -> 200
200 -> 312
312 -> 53
53 -> 164
164 -> 259
259 -> 430
430 -> 426
426 -> 25
25 -> 416
416 -> 248
248 -> 428
428 -> 33
33 -> 108
108 -> 188
188 -> 192
192 -> 164
164 -> 259
259 -> 339
339 -> 194
194 -> 21
21 -> 475
475 -> 49
49 -> 494
494 -> 417
417 -> 379
379 -> 135
135 -> 330
330 -> 243
243 -> 373
373 -> 392
392 -> 481
481 -> 349
349 -> 481
481 -> 310
310 -> 12
12 -> 17
17 -> 241
241 -> 216
216 -> 40
40 -> 156
156 -> 464
464 -> 244
244 -> 466
466 -> 348
348 -> 209
209 -> 156
156 -> 12
12 -> 467
467 -> 271
271 -> 483
483 -> 487
487 -> 245
245 -> 310
310 -> 257
257 -> 163
163 -> 189
189 -> 392
392 -> 269
269 -> 431
431 -> 263
263 -> 439
439 -> 189
189 -> 112
112 -> 197
197 -> 499
499 -> 400
400 -> 211
211 -> 16
16 -> 117
117 -> 28
28 -> 449
449 -> 357
357 -> 49
49 -> 414
414 -> 205
205 -> 258
258 -> 347
347 -> 216
216 -> 224
224 -> 395
395 -> 476
476 -> 487
487 -> 139
139 -> 285
285 -> 21
21 -> 80
80 -> 250
250 -> 412
412 -> 348
348 -> 458
458 -> 451
451 -> 64
64 -> 424
424 -> 340
340 -> 259
259 -> 199
199 -> 242
242 -> 470
470 -> 215
215 -> 134
134 -> 275
275 -> 441
441 -> 491
491 -> 322
322 -> 131
131 -> 196
196 -> 358
358 -> 254
254 -> 188
188 -> 80
80 -> 149
149 -> 442
442 -> 344
344 -> 64
64 -> 3
3 -> 365
365 -> 143
143 -> 253
253 -> 54
54 -> 269
269 -> 487
487 -> 5
5 -> 332
332 -> 187
187 -> 346
346 -> 368
368 -> 386
386 -> 363
363 -> 114
114 -> 378
378 -> 497
497 -> 387
387 -> 317
317 -> 265
265 -> 487
487 -> 225
225 -> 460
460 -> 343
343 -> 479
479 -> 425
425 -> 201
201 -> 126
126 -> 367
367 -> 322
322 -> 190
190 -> 369
369 -> 186
186 -> 110
110 -> 398
398 -> 17
17 -> 156
156 -> 162
162 -> 300
300 -> 486
486 -> 347
347 -> 422
422 -> 130
130 -> 234
234 -> 285
285 -> 243
243 -> 110
110 -> 58
58 -> 131
131 -> 206
206 -> 323
323 -> 394
394 -> 430
430 -> 60
60 -> 238
238 -> 186
186 -> 485
485 -> 215
215 -> 89
89 -> 351
351 -> 37
37 -> 57
57 -> 496
496 -> 500
500 -> 165
165 -> 394
394 -> 17
17 -> 320
320 -> 54
54 -> 316
316 -> 82
82 -> 180
180 -> 14
14 -> 212
212 -> 412
412 -> 297
297 -> 454
454 -> 298
298 -> 355
355 -> 361
361 -> 280
280 -> 455
455 -> 32
32 -> 211
211 -> 14
14 -> 47
47 -> 174
174 -> 276
276 -> 260
260 -> 262
262 -> 403
403 -> 296
296 -> 318
318 -> 398
398 -> 295
295 -> 259
259 -> 68
68 -> 90
90 -> 79
79 -> 400
400 -> 181
181 -> 438
438 -> 78
78 -> 195
195 -> 427
427 -> 266
266 -> 269
269 -> 380
380 -> 64
64 -> 401
401 -> 18
18 -> 345
345 -> 355
355 -> 326
326 -> 332
332 -> 145
145 -> 372
372 -> 281
281 -> 420
420 -> 131
131 -> 42
42 -> 322
322 -> 204
204 -> 136
136 -> 496
496 -> 276
276 -> 396
396 -> 341
341 -> 366
366 -> 251
251 -> 18
18 -> 324
324 -> 188
188 -> 95
95 -> 296
296 -> 114
114 -> 139
139 -> 63
63 -> 272
272 -> 479
479 -> 462
462 -> 66
66 -> 323
323 -> 94
94 -> 392
392 -> 431
431 -> 238
238 -> 263
263 -> 211
211 -> 435
435 -> 170
170 -> 31
31 -> 256
256 -> 374
374 -> 166
166 -> 29
29 -> 427
427 -> 61
61 -> 148
148 -> 292
292 -> 312
312 -> 164
164 -> 393
393 -> 277
277 -> 36
36 -> 188
188 -> 168
168 -> 174
174 -> 250
250 -> 439
439 -> 151
151 -> 490
490 -> 281
281 -> 251
251 -> 83
83 -> 173
173 -> 182
182 -> 322
322 -> 211
211 -> 170
170 -> 33
33 -> 381
381 -> 200
200 -> 66
66 -> 31
31 -> 366
366 -> 94
94 -> 458
458 -> 204
204 -> 241
241 -> 26
26 -> 293
293 -> 404
404 -> 418
418 -> 346
346 -> 216
216 -> 382
382 -> 15
15 -> 389
389 -> 409
409 -> 453
453 -> 39
39 -> 398
398 -> 12
12 -> 68
68 -> 480
480 -> 183
183 -> 26
26 -> 79
79 -> 395
395 -> 195
195 -> 111
111 -> 52
52 -> 173
173 -> 177
177 -> 83
83 -> 37
37 -> 48
48 -> 318
318 -> 18
18 -> 65
65 -> 343
343 -> 310
310 -> 244
244 -> 38
38 -> 157
157 -> 460
460 -> 418
418 -> 448
448 -> 347
347 -> 326
326 -> 178
178 -> 163
163 -> 1
1 -> 190
190 -> 231
231 -> 481
481 -> 371
371 -> 255
255 -> 336
336 -> 43
43 -> 228
228 -> 223
223 -> 373
373 -> 399
399 -> 176
176 -> 233
233 -> 212
212 -> 223
223 -> 49
49 -> 8
8 -> 64
64 -> 391
391 -> 95
95 -> 307
307 -> 428
428 -> 250
250 -> 266
266 -> 347
347 -> 476
476 -> 389
389 -> 450
450 -> 153
153 -> 53
53 -> 451
451 -> 341
341 -> 60
60 -> 209
209 -> 490
490 -> 92
92 -> 321
321 -> 310
310 -> 96
96 -> 44
44 -> 183
183 -> 272
272 -> 497
497 -> 413
413 -> 483
483 -> 497
497 -> 461
461 -> 490
490 -> 59
59 -> 130
130 -> 84
84 -> 366
366 -> 57
57 -> 113
113 -> 408
408 -> 180
180 -> 87
87 -> 298
298 -> 407
407 -> 17
17 -> 128
128 -> 357
357 -> 358
358 -> 464
464 -> 341
341 -> 124
124 -> 333
333 -> 162
162 -> 434
434 -> 205
205 -> 483
483 -> 115
115 -> 476
476 -> 479
479 -> 305
305 -> 458
458 -> 252
252 -> 267
267 -> 225
225 -> 312
312 -> 396
396 -> 308
308 -> 454
454 -> 229
229 -> 197
197 -> 138
138 -> 409
409 -> 61
61 -> 213
213 -> 315
315 -> 77
77 -> 117
117 -> 449
449 -> 211
211 -> 357
357 -> 289
289 -> 336
336 -> 188
188 -> 229
229 -> 269
269 -> 393
393 -> 210
210 -> 161
161 -> 368
368 -> 467
467 -> 465
465 -> 103
103 -> 219
219 -> 10
10 -> 328
328 -> 29
29 -> 405
405 -> 413
413 -> 259
259 -> 411
411 -> 387
387 -> 398
398 -> 96
96 -> 226
226 -> 109
109 -> 188
188 -> 303
303 -> 3
3 -> 136
136 -> 291
291 -> 359
359 -> 202
202 -> 125
125 -> 47
47 -> 430
430 -> 171
171 -> 217
217 -> 140
140 -> 332
332 -> 362
362 -> 384
384 -> 296
296 -> 241
241 -> 101
101 -> 306
306 -> 346
346 -> 408
408 -> 487
487 -> 35
35 -> 167
167 -> 175
175 -> 422
422 -> 340
340 -> 269
269 -> 147
147 -> 450
450 -> 457
457 -> 226
226 -> 452
452 -> 368
368 -> 16
16 -> 88
88 -> 70
70 -> 419
419 -> 133
133 -> 278
278 -> 89
89 -> 128
128 -> 195
195 -> 420
420 -> 265
265 -> 77
77 -> 493
493 -> 6
6 -> 178
178 -> 76
76 -> 351
351 -> 84
84 -> 340
340 -> 385
385 -> 28
28 -> 14
14 -> 85
85 -> 368
368 -> 60
60 -> 8
8 -> 95
95 -> 16
16 -> 11
11 -> 323
323 -> 162
162 -> 26
26 -> 410
410 -> 9
9 -> 444
444 -> 319
319 -> 285
285 -> 310
310 -> 446
446 -> 479
479 -> 6
6 -> 211
211 -> 333
333 -> 276
276 -> 493
493 -> 287
287 -> 129
129 -> 120
120 -> 371
371 -> 468
468 -> 282
282 -> 175
175 -> 259
259 -> 366
366 -> 43
43 -> 319
319 -> 150
150 -> 414
414 -> 111
111 -> 161
161 -> 237
237 -> 273
273 -> 463
463 -> 422
422 -> 281
281 -> 184
184 -> 242
242 -> 344
344 -> 493
493 -> 464
464 -> 100
100 -> 277
277 -> 452
452 -> 431
431 -> 52
52 -> 445
445 -> 218
218 -> 180
180 -> 342
342 -> 367
367 -> 147
147 -> 123
123 -> 41
41 -> 184
184 -> 488
488 -> 360
360 -> 278
278 -> 415
415 -> 52
52 -> 389
389 -> 351
351 -> 65
65 -> 439
439 -> 314
314 -> 487
487 -> 497
497 -> 498
498 -> 5
5 -> 340
340 -> 267
267 -> 469
469 -> 438
438 -> 43
43 -> 199
199 -> 371
371 -> 94
94 -> 420
420 -> 365
365 -> 273
273 -> 260
260 -> 231
231 -> 198
198 -> 384
384 -> 50
50 -> 159
159 -> 148
148 -> 188
188 -> 436
436 -> 63
63 -> 239
239 -> 324
324 -> 414
414 -> 302
302 -> 39
39 -> 5
5 -> 67
67 -> 35
35 -> 2
2 -> 72
72 -> 375
375 -> 47
47 -> 317
317 -> 90
90 -> 89
89 -> 14
14 -> 460
460 -> 461
461 -> 432
432 -> 103
103 -> 234
234 -> 193
193 -> 334
334 -> 208
208 -> 76
76 -> 161
161 -> 366
366 -> 1
1 -> 126
126 -> 301
301 -> 63
63 -> 363
363 -> 402
402 -> 254
254 -> 443
443 -> 439
439 -> 258
258 -> 8
8 -> 253
253 -> 38
38 -> 79
79 -> 127
127 -> 84
84 -> 395
395 -> 215
215 -> 450
450 -> 185
185 -> 453
453 -> 409
409 -> 118
118 -> 55
55 -> 421
421 -> 88
88 -> 166
166 -> 406
406 -> 441
441 -> 103
103 -> 49
49 -> 441
441 -> 227
227 -> 126
126 -> 282
282 -> 367
367 -> 27
27 -> 313
313 -> 308
308 -> 244
244 -> 348
348 -> 94
94 -> 496
496 -> 384
384 -> 449
449 -> 398
398 -> 245
245 -> 120
120 -> 391
391 -> 473
473 -> 305
305 -> 120
120 -> 160
160 -> 423
423 -> 452
452 -> 79
79 -> 288
288 -> 117
117 -> 263
263 -> 227
227 -> 497
497 -> 310
310 -> 167
167 -> 224
224 -> 436
436 -> 225
225 -> 89
89 -> 241
241 -> 37
37 -> 176
176 -> 484
484 -> 384
384 -> 268
268 -> 256
256 -> 46
46 -> 217
217 -> 432
432 -> 291
291 -> 337
337 -> 321
321 -> 41
41 -> 419
419 -> 219
219 -> 199
199 -> 118
118 -> 171
171 -> 56
56 -> 405
405 -> 64
64 -> 318
318 -> 131
131 -> 60
60 -> 405
405 -> 75
75 -> 60
60 -> 340
340 -> 78
78 -> 427
427 -> 79
79 -> 115
115 -> 379
379 -> 339
339 -> 275
275 -> 146
146 -> 373
373 -> 321
321 -> 139
139 -> 304
304 -> 390
390 -> 252
252 -> 403
403 -> 430
430 -> 170
170 -> 121
121 -> 129
129 -> 288
288 -> 68
68 -> 461
461 -> 469
469 -> 132
132 -> 278
278 -> 377
377 -> 469
469 -> 181
181 -> 452
452 -> 306
306 -> 298
298 -> 307
307 -> 232
232 -> 154
154 -> 420
420 -> 387
387 -> 494
494 -> 472
472 -> 33
33 -> 366
366 -> 293
293 -> 449
449 -> 446
446 -> 460
460 -> 479
479 -> 126
126 -> 167
167 -> 148
148 -> 247
247 -> 71
71 -> 214
214 -> 91
91 -> 32
32 -> 182
182 -> 500
500 -> 86
86 -> 58
58 -> 469
469 -> 267
267 -> 287
287 -> 274
274 -> 343
343 -> 92
92 -> 284
284 -> 496
496 -> 288
288 -> 170
170 -> 489
489 -> 260
260 -> 480
480 -> 132
132 -> 331
331 -> 205
205 -> 356
356 -> 67
67 -> 184
184 -> 481
481 -> 232
232 -> 332
332 -> 4
4 -> 82
82 -> 322
322 -> 94
94 -> 113
113 -> 280
280 -> 94
94 -> 198
198 -> 114
114 -> 340
340 -> 241
241 -> 177
177 -> 391
391 -> 83
83 -> 269
269 -> 173
173 -> 79
79 -> 335
335 -> 120
120 -> 345
345 -> 372
372 -> 377
377 -> 476
476 -> 480
480 -> 81
81 -> 109
109 -> 46
46 -> 265
265 -> 88
88 -> 56
56 -> 373
373 -> 368
368 -> 136
136 -> 471
471 -> 462
462 -> 247
247 -> 250
250 -> 334
334 -> 221
221 -> 364
364 -> 172
172 -> 463
463 -> 40
40 -> 340
340 -> 322
322 -> 86
86 -> 12
12 -> 401
401 -> 420
420 -> 408
408 -> 23
23 -> 69
69 -> 285
285 -> 498
498 -> 47
47 -> 143
143 -> 384
384 -> 93
93 -> 184
184 -> 471
471 -> 148
148 -> 55
55 -> 340
340 -> 61
61 -> 25
25 -> 80
80 -> 308
308 -> 52
52 -> 412
412 -> 305
305 -> 192
192 -> 361
361 -> 45
45 -> 232
232 -> 199
199 -> 368
368 -> 94
94 -> 488
488 -> 45
45 -> 291
291 -> 173
173 -> 67
67 -> 359
359 -> 234
234 -> 343
343 -> 182
182 -> 376
376 -> 225
225 -> 275
275 -> 59
59 -> 473
473 -> 199
199 -> 391
391 -> 311
311 -> 259
259 -> 193
193 -> 167
167 -> 344
344 -> 244
244 -> 356
356 -> 427
427 -> 436
436 -> 215
215 -> 471
471 -> 443
443 -> 191
191 -> 338
338 -> 315
315 -> 456
456 -> 160
160 -> 105
105 -> 129
129 -> 227
227 -> 241
241 -> 139
139 -> 346
346 -> 423
423 -> 15
15 -> 71
71 -> 474
474 -> 350
350 -> 320
320 -> 173
173 -> 18
18 -> 132
132 -> 210
210 -> 211
211 -> 76
76 -> 331
331 -> 454
454 -> 430
430 -> 256
256 -> 166
166 -> 424
424 -> 226
226 -> 110
110 -> 392
392 -> 341
341 -> 425
425 -> 347
347 -> 1
1 -> 307
307 -> 252
252 -> 4
4 -> 48
48 -> 392
392 -> 127
127 -> 247
247 -> 406
406 -> 196
196 -> 220
220 -> 33
33 -> 294
294 -> 169
169 -> 50
50 -> 425
425 -> 156
156 -> 261
261 -> 278
278 -> 486
486 -> 491
491 -> 207
207 -> 242
242 -> 157
157 -> 408
408 -> 244
244 -> 44
44 -> 300
300 -> 85
85 -> 468
468 -> 146
146 -> 363
363 -> 51
51 -> 176
176 -> 144
144 -> 375
375 -> 66
66 -> 271
271 -> 120
120 -> 249
249 -> 243
243 -> 117
117 -> 281
281 -> 37
37 -> 286
286 -> 108
108 -> 239
239 -> 441
441 -> 145
145 -> 293
293 -> 203
203 -> 135
135 -> 277
277 -> 221
221 -> 69
69 -> 185
185 -> 466
466 -> 112
112 -> 261
261 -> 328
328 -> 357
357 -> 183
183 -> 468
468 -> 407
407 -> 357
357 -> 111
111 -> 282
282 -> 424
424 -> 158
158 -> 180
180 -> 171
171 -> 179
179 -> 296
296 -> 229
229 -> 492
492 -> 357
357 -> 336
336 -> 7
7 -> 77
77 -> 481
481 -> 298
298 -> 278
278 -> 393
393 -> 352
352 -> 500
500 -> 461
461 -> 36
36 -> 465
465 -> 73
73 -> 74
74 -> 69
69 -> 430
430 -> 255
255 -> 36
36 -> 337
337 -> 112
112 -> 424
424 -> 394
394 -> 35
35 -> 359
359 -> 73
73 -> 484
484 -> 37
37 -> 146
146 -> 213
213 -> 306
306 -> 3
3 -> 326
326 -> 90
90 -> 78
78 -> 306
306 -> 165
165 -> 133
133 -> 475
475 -> 17
17 -> 410
410 -> 436
436 -> 329
329 -> 374
374 -> 9
9 -> 402
402 -> 220
220 -> 215
215 -> 156
156 -> 256
256 -> 329
329 -> 46
46 -> 180
180 -> 500
500 -> 80
80 -> 37
37 -> 74
74 -> 341
341 -> 351
351 -> 495
495 -> 52
52 -> 157
157 -> 275
275 -> 377
377 -> 23
23 -> 130
130 -> 459
459 -> 187
187 -> 263
263 -> 434
434 -> 482
482 -> 171
171 -> 146
146 -> 311
311 -> 323
323 -> 432
432 -> 212
212 -> 42
42 -> 147
147 -> 145
145 -> 74
74 -> 252
252 -> 190
190 -> 253
253 -> 251
251 -> 48
48 -> 68
68 -> 102
102 -> 388
388 -> 417
417 -> 95
95 -> 440
440 -> 349
349 -> 370
370 -> 93
93 -> 372
372 -> 498
498 -> 329
329 -> 337
337 -> 37
37 -> 263
263 -> 318
318 -> 486
486 -> 407
407 -> 127
127 -> 308
308 -> 340
340 -> 116
116 -> 127
127 -> 263
263 -> 39
39 -> 200
200 -> 14
14 -> 229
229 -> 452
452 -> 264
264 -> 53
53 -> 296
296 -> 365
365 -> 441
441 -> 211
211 -> 237
237 -> 157
157 -> 61
61 -> 383
383 -> 27
27 -> 210
210 -> 381
381 -> 355
355 -> 322
322 -> 194
194 -> 395
395 -> 139
139 -> 180
180 -> 303
303 -> 44
44 -> 486
486 -> 418
418 -> 437
437 -> 388
388 -> 458
458 -> 475
475 -> 88
88 -> 471
471 -> 481
481 -> 316
316 -> 12
12 -> 34
34 -> 112
112 -> 154
154 -> 251
251 -> 99
99 -> 168
168 -> 407
407 -> 437
437 -> 49
49 -> 212
212 -> 146
146 -> 207
207 -> 66
66 -> 468
468 -> 400
400 -> 461
461 -> 384
384 -> 79
79 -> 40
40 -> 428
428 -> 342
342 -> 235
235 -> 364
364 -> 230
230 -> 192
192 -> 116
116 -> 95
95 -> 441
441 -> 373
373 -> 188
188 -> 230
230 -> 406
406 -> 298
298 -> 160
160 -> 434
434 -> 397
397 -> 326
326 -> 117
117 -> 334
334 -> 375
375 -> 327
327 -> 256
256 -> 81
81 -> 394
394 -> 2
2 -> 259
259 -> 131
131 -> 386
386 -> 114
114 -> 448
448 -> 90
90 -> 456
456 -> 182
182 -> 231
231 -> 464
464 -> 151
151 -> 346
346 -> 335
335 -> 91
91 -> 496
496 -> 24
24 -> 99
99 -> 402
402 -> 99
99 -> 258
258 -> 112
112 -> 274
274 -> 83
83 -> 229
229 -> 385
385 -> 234
234 -> 56
56 -> 141
141 -> 315
315 -> 226
226 -> 419
419 -> 349
349 -> 134
134 -> 304
304 -> 464
464 -> 81
81 -> 171
171 -> 197
197 -> 263
263 -> 401
401 -> 159
159 -> 191
191 -> 23
23 -> 273
273 -> 282
282 -> 19
19 -> 296
296 -> 156
156 -> 198
198 -> 171
171 -> 413
413 -> 308
308 -> 445
445 -> 272
272 -> 314
314 -> 329
329 -> 6
6 -> 147
147 -> 246
246 -> 98
98 -> 372
372 -> 164
164 -> 447
447 -> 282
282 -> 244
244 -> 187
187 -> 363
363 -> 415
415 -> 383
383 -> 402
402 -> 92
92 -> 320
320 -> 92
92 -> 392
392 -> 91
91 -> 151
151 -> 410
410 -> 163
163 -> 306
306 -> 384
384 -> 334
334 -> 495
495 -> 468
468 -> 278
278 -> 266
266 -> 283
283 -> 106
106 -> 272
272 -> 428
428 -> 350
350 -> 146
146 -> 77
77 -> 292
292 -> 93
93 -> 359
359 -> 36
36 -> 280
280 -> 499
499 -> 227
227 -> 440
440 -> 399
399 -> 318
318 -> 259
259 -> 269
269 -> 209
209 -> 350
350 -> 418
418 -> 396
396 -> 13
13 -> 500
500 -> 279
279 -> 124
124 -> 494
494 -> 248
248 -> 402
402 -> 37
37 -> 308
308 -> 284
284 -> 309
309 -> 234
234 -> 412
412 -> 231
231 -> 311
311 -> 203
203 -> 324
324 -> 169
169 -> 16
16 -> 381
381 -> 445
445 -> 20
20 -> 320
320 -> 344
344 -> 337
337 -> 356
356 -> 112
112 -> 324
324 -> 205
205 -> 307
307 -> 497
497 -> 494
494 -> 84
84 -> 54
54 -> 119
119 -> 77
77 -> 80
80 -> 297
297 -> 114
114 -> 386
386 -> 80
80 -> 200
200 -> 397
397 -> 491
491 -> 429
429 -> 207
207 -> 471
471 -> 31
31 -> 154
154 -> 264
264 -> 188
188 -> 97
97 -> 283
283 -> 7
7 -> 218
218 -> 397
397 -> 362
362 -> 106
106 -> 498
498 -> 344
344 -> 190
190 -> 494
494 -> 116
116 -> 274
274 -> 325
325 -> 233
233 -> 350
350 -> 180
180 -> 307
307 -> 240
240 -> 65
65 -> 386
386 -> 216
216 -> 462
462 -> 153
153 -> 146
146 -> 446
446 -> 401
401 -> 454
454 -> 375
375 -> 164
164 -> 141
141 -> 250
250 -> 224
224 -> 425
425 -> 466
466 -> 120
120 -> 64
64 -> 73
73 -> 118
118 -> 186
186 -> 262
262 -> 389
389 -> 300
300 -> 34
34 -> 490
490 -> 310
310 -> 160
160 -> 171
171 -> 116
116 -> 179
179 -> 235
235 -> 279
279 -> 394
394 -> 473
473 -> 209
209 -> 317
317 -> 195
195 -> 110
110 -> 47
47 -> 71
71 -> 51
51 -> 188
188 -> 319
319 -> 52
52 -> 390
390 -> 62
62 -> 173
173 -> 453
453 -> 410
410 -> 66
66 -> 139
139 -> 172
172 -> 232
232 -> 438
438 -> 482
482 -> 221
221 -> 26
26 -> 419
419 -> 390
390 -> 141
141 -> 374
374 -> 402
402 -> 197
197 -> 268
268 -> 152
152 -> 406
406 -> 360
360 -> 346
346 -> 292
292 -> 408
408 -> 194
194 -> 120
120 -> 372
372 -> 289
289 -> 172
172 -> 261
261 -> 351
351 -> 343
343 -> 491
491 -> 260
260 -> 186
186 -> 128
128 -> 209
209 -> 418
418 -> 342
342 -> 467
467 -> 138
138 -> 146
146 -> 386
386 -> 305
305 -> 286
286 -> 36
36 -> 207
207 -> 261
261 -> 80
80 -> 358
358 -> 165
165 -> 441
441 -> 482
482 -> 456
456 -> 125
125 -> 453
453 -> 76
76 -> 274
274 -> 241
241 -> 248
248 -> 34
34 -> 370
370 -> 367
367 -> 301
301 -> 407
407 -> 54
54 -> 429
429 -> 392
392 -> 248
248 -> 48
48 -> 359
359 -> 386
386 -> 193
193 -> 21
21 -> 191
191 -> 257
257 -> 57
57 -> 174
174 -> 16
16 -> 137
137 -> 31
31 -> 458
458 -> 353
353 -> 289
289 -> 414
414 -> 478
478 -> 241
241 -> 267
267 -> 29
29 -> 482
482 -> 291
291 -> 62
62 -> 129
129 -> 436
436 -> 140
140 -> 313
313 -> 489
489 -> 68
68 -> 205
205 -> 237
237 -> 393
393 -> 62
62 -> 399
399 -> 362
362 -> 360
360 -> 366
366 -> 118
118 -> 195
195 -> 39
39 -> 411
411 -> 329
329 -> 69
69 -> 368
368 -> 461
461 -> 357
357 -> 58
58 -> 216
216 -> 376
376 -> 102
102 -> 244
244 -> 134
134 -> 171
171 -> 82
82 -> 263
263 -> 105
105 -> 222
222 -> 74
74 -> 372
372 -> 66
66 -> 55
55 -> 385
385 -> 459
459 -> 393
393 -> 283
283 -> 321
321 -> 253
253 -> 148
148 -> 217
217 -> 447
447 -> 186
186 -> 404
404 -> 54
54 -> 32
32 -> 50
50 -> 14
14 -> 167
167 -> 106
106 -> 229
229 -> 41
41 -> 485
485 -> 471
471 -> 452
452 -> 154
154 -> 53
53 -> 215
215 -> 260
260 -> 275
275 -> 65
65 -> 131
131 -> 117
117 -> 120
120 -> 14
14 -> 76
76 -> 12
12 -> 75
75 -> 174
174 -> 43
43 -> 223
223 -> 166
166 -> 489
489 -> 185
185 -> 69
69 -> 320
320 -> 495
495 -> 117
117 -> 333
333 -> 438
438 -> 1
1 -> 62
62 -> 257
257 -> 485
485 -> 309
309 -> 208
208 -> 139
139 -> 140
140 -> 422
422 -> 175
175 -> 191
191 -> 264
264 -> 305
305 -> 308
308 -> 159
159 -> 95
95 -> 382
382 -> 170
170 -> 169
169 -> 332
332 -> 490
490 -> 390
390 -> 497
497 -> 478
478 -> 352
352 -> 343
343 -> 75
75 -> 125
125 -> 238
238 -> 408
408 -> 62
62 -> 15
15 -> 246
246 -> 318
318 -> 500
500 -> 331
331 -> 25
25 -> 416
416 -> 470
470 -> 223
223 -> 90
90 -> 161
161 -> 264
264 -> 171
171 -> 467
467 -> 421
421 -> 265
265 -> 125
125 -> 369
369 -> 434
434 -> 234
234 -> 359
359 -> 101
101 -> 8
8 -> 115
115 -> 232
232 -> 128
128 -> 189
189 -> 355
355 -> 366
366 -> 95
95 -> 416
416 -> 379
379 -> 117
117 -> 10
10 -> 157
157 -> 448
448 -> 34
34 -> 349
349 -> 418
418 -> 34
34 -> 216
216 -> 355
355 -> 296
296 -> 386
386 -> 320
320 -> 495
495 -> 151
151 -> 223
223 -> 364
364 -> 361
361 -> 233
233 -> 221
221 -> 463
463 -> 241
241 -> 335
335 -> 193
193 -> 369
369 -> 22
22 -> 48
48 -> 11
11 -> 395
395 -> 240
240 -> 168
168 -> 11
11 -> 250
250 -> 101
101 -> 459
459 -> 61
61 -> 450
450 -> 375
375 -> 371
371 -> 164
164 -> 230
230 -> 168
168 -> 50
50 -> 327
327 -> 162
162 -> 478
478 -> 325
325 -> 302
302 -> 339
339 -> 59
59 -> 23
23 -> 79
79 -> 77
77 -> 357
357 -> 48
48 -> 223
223 -> 156
156 -> 373
373 -> 233
233 -> 50
50 -> 113
113 -> 179
179 -> 60
60 -> 139
139 -> 279
279 -> 18
18 -> 199
199 -> 5
5 -> 171
171 -> 348
348 -> 169
169 -> 399
399 -> 15
15 -> 496
496 -> 2
2 -> 454
454 -> 250
250 -> 328
328 -> 256
256 -> 366
366 -> 163
163 -> 56
56 -> 444
444 -> 239
239 -> 190
190 -> 491
491 -> 238
238 -> 346
346 -> 140
140 -> 249
249 -> 395
395 -> 251
251 -> 426
426 -> 231
231 -> 390
390 -> 482
482 -> 27
27 -> 365
365 -> 486
486 -> 196
196 -> 212
212 -> 432
432 -> 372
372 -> 3
3 -> 427
427 -> 373
373 -> 234
234 -> 176
176 -> 478
478 -> 267
267 -> 320
320 -> 140
140 -> 100
100 -> 263
263 -> 156
156 -> 290
290 -> 30
30 -> 395
395 -> 134
134 -> 171
171 -> 142
142 -> 306
306 -> 198
198 -> 346
346 -> 314
314 -> 365
365 -> 326
326 -> 341
341 -> 7
7 -> 312
312 -> 36
36 -> 218
218 -> 244
244 -> 408
408 -> 498
498 -> 446
446 -> 59
59 -> 9
9 -> 401
401 -> 36
36 -> 54
54 -> 220
220 -> 454
454 -> 152
152 -> 259
259 -> 109
109 -> 442
442 -> 65
65 -> 281
281 -> 353
353 -> 12
12 -> 423
423 -> 436
436 -> 210
210 -> 268
268 -> 249
249 -> 352
352 -> 371
371 -> 89
89 -> 358
358 -> 459
459 -> 401
401 -> 352
352 -> 479
479 -> 309
309 -> 127
127 -> 204
204 -> 145
145 -> 135
135 -> 103
103 -> 181
181 -> 188
188 -> 99
99 -> 134
134 -> 339
339 -> 357
357 -> 20
20 -> 58
58 -> 199
199 -> 300
300 -> 410
410 -> 210
210 -> 499
499 -> 344
344 -> 197
197 -> 43
43 -> 94
94 -> 48
48 -> 413
413 -> 459
459 -> 405
405 -> 149
149 -> 360
360 -> 35
35 -> 128
128 -> 446
446 -> 161
161 -> 330
330 -> 90
90 -> 296
296 -> 209
209 -> 271
271 -> 259
259 -> 308
308 -> 180
180 -> 375
375 -> 441
441 -> 477
477 -> 431
179 -> 498
498 -> 497
497 -> 492
492 -> 495
495 -> 494
494 -> 500
500 -> 499
499 -> 493
493 -> 491
491 -> 489
489 -> 490
490 -> 488
488 -> 487
487 -> 482
482 -> 484
484 -> 485
485 -> 486
486 -> 483
483 -> 481
481 -> 480
480 -> 475
475 -> 479
479 -> 477
477 -> 496
496 -> 474
474 -> 456
456 -> 453
453 -> 470
470 -> 473
473 -> 452
452 -> 472
472 -> 471
471 -> 468
468 -> 467
467 -> 469
469 -> 478
478 -> 476
476 -> 465
465 -> 466
466 -> 464
464 -> 463
463 -> 462
462 -> 461
461 -> 459
459 -> 458
458 -> 457
457 -> 455
455 -> 460
460 -> 451
451 -> 454
454 -> 449
449 -> 450
450 -> 447
447 -> 448
448 -> 445
445 -> 446
446 -> 444
444 -> 429
429 -> 443
443 -> 442
442 -> 441
441 -> 440
440 -> 439
439 -> 436
436 -> 434
434 -> 438
438 -> 437
437 -> 435
435 -> 433
433 -> 431
431 -> 430
430 -> 428
428 -> 427
427 -> 426
426 -> 422
422 -> 432
432 -> 424
424 -> 331
331 -> 327
327 -> 415
415 -> 412
412 -> 351
351 -> 425
425 -> 409
409 -> 407
407 -> 394
394 -> 414
414 -> 423
423 -> 420
420 -> 421
421 -> 419
419 -> 418
418 -> 417
417 -> 413
413 -> 416
416 -> 411
411 -> 408
408 -> 401
401 -> 403
403 -> 410
410 -> 406
406 -> 405
405 -> 404
404 -> 391
391 -> 383
383 -> 399
399 -> 396
396 -> 400
400 -> 398
398 -> 395
395 -> 392
392 -> 389
389 -> 393
393 -> 397
397 -> 390
390 -> 388
388 -> 387
387 -> 386
386 -> 385
385 -> 384
384 -> 382
382 -> 375
375 -> 380
380 -> 381
381 -> 379
379 -> 372
372 -> 376
376 -> 378
378 -> 374
374 -> 373
373 -> 377
377 -> 371
371 -> 370
370 -> 368
368 -> 369
369 -> 367
367 -> 366
366 -> 364
364 -> 360
360 -> 363
363 -> 365
365 -> 402
402 -> 361
361 -> 362
362 -> 357
357 -> 356
356 -> 359
359 -> 353
353 -> 358
358 -> 355
355 -> 352
352 -> 350
350 -> 349
349 -> 348
348 -> 346
346 -> 345
345 -> 340
340 -> 354
354 -> 347
347 -> 344
344 -> 342
342 -> 339
339 -> 341
341 -> 343
343 -> 338
338 -> 337
337 -> 336
336 -> 335
335 -> 325
325 -> 334
334 -> 333
333 -> 330
330 -> 329
329 -> 328
328 -> 326
326 -> 323
323 -> 322
322 -> 321
321 -> 320
320 -> 317
317 -> 332
332 -> 318
318 -> 324
324 -> 1
1 -> 292
292 -> 206
206 -> 251
251 -> 213
213 -> 38
38 -> 22
22 -> 1
1 -> 250
250 -> 315
315 -> 309
309 -> 316
316 -> 314
314 -> 319
319 -> 313
313 -> 312
312 -> 311
311 -> 308
308 -> 310
310 -> 303
303 -> 304
304 -> 306
306 -> 307
307 -> 302
302 -> 305
305 -> 301
301 -> 298
298 -> 300
300 -> 299
299 -> 297
297 -> 296
296 -> 293
293 -> 290
290 -> 294
294 -> 295
295 -> 291
291 -> 289
289 -> 288
288 -> 286
286 -> 267
267 -> 280
280 -> 256
256 -> 244
244 -> 284
284 -> 287
287 -> 283
283 -> 285
285 -> 282
282 -> 279
279 -> 277
277 -> 281
281 -> 278
278 -> 260
260 -> 274
274 -> 269
269 -> 275
275 -> 273
273 -> 276
276 -> 272
272 -> 271
271 -> 268
268 -> 270
270 -> 266
266 -> 265
265 -> 264
264 -> 261
261 -> 263
263 -> 262
262 -> 258
258 -> 257
257 -> 242
242 -> 254
254 -> 249
249 -> 248
248 -> 253
253 -> 259
259 -> 247
247 -> 246
246 -> 245
245 -> 241
241 -> 240
240 -> 243
243 -> 239
239 -> 234
234 -> 238
238 -> 236
236 -> 233
233 -> 252
252 -> 218
218 -> 185
185 -> 198
198 -> 232
232 -> 235
235 -> 237
237 -> 221
221 -> 226
226 -> 231
231 -> 230
230 -> 229
229 -> 228
228 -> 227
227 -> 225
225 -> 224
224 -> 223
223 -> 222
222 -> 220
220 -> 219
219 -> 216
216 -> 217
217 -> 215
215 -> 214
214 -> 212
212 -> 211
211 -> 210
210 -> 209
209 -> 208
208 -> 207
207 -> 202
202 -> 205
205 -> 204
204 -> 203
203 -> 200
200 -> 199
199 -> 189
189 -> 191
191 -> 195
195 -> 197
197 -> 194
194 -> 193
193 -> 192
192 -> 190
190 -> 196
196 -> 188
188 -> 187
187 -> 186
186 -> 184
184 -> 183
183 -> 182
182 -> 177
177 -> 180
180 -> 181
181 -> 178
178 -> 176
176 -> 175
175 -> 174
174 -> 201
201 -> 173
173 -> 172
172 -> 151
151 -> 167
167 -> 171
171 -> 170
170 -> 169
169 -> 166
166 -> 122
122 -> 168
168 -> 155
155 -> 161
161 -> 164
164 -> 165
165 -> 163
163 -> 162
162 -> 160
160 -> 159
159 -> 158
158 -> 157
157 -> 156
156 -> 154
154 -> 153
153 -> 152
152 -> 149
149 -> 150
150 -> 147
147 -> 143
143 -> 140
140 -> 144
144 -> 134
134 -> 137
137 -> 148
148 -> 146
146 -> 145
145 -> 142
142 -> 141
141 -> 139
139 -> 138
138 -> 136
136 -> 135
135 -> 132
132 -> 133
133 -> 131
131 -> 129
129 -> 128
128 -> 130
130 -> 127
127 -> 126
126 -> 125
125 -> 123
123 -> 124
124 -> 121
121 -> 120
120 -> 118
118 -> 108
108 -> 115
115 -> 119
119 -> 116
116 -> 114
114 -> 113
113 -> 105
105 -> 109
109 -> 255
255 -> 110
110 -> 1
1 -> 81
81 -> 91
91 -> 92
92 -> 112
112 -> 117
117 -> 106
106 -> 111
111 -> 107
107 -> 103
103 -> 104
104 -> 102
102 -> 100
100 -> 99
99 -> 98
98 -> 97
97 -> 101
101 -> 95
95 -> 87
87 -> 77
77 -> 96
96 -> 94
94 -> 93
93 -> 90
90 -> 89
89 -> 85
85 -> 88
88 -> 86
86 -> 84
84 -> 83
83 -> 82
82 -> 80
80 -> 79
79 -> 78
78 -> 76
76 -> 75
75 -> 74
74 -> 72
72 -> 70
70 -> 73
73 -> 71
71 -> 69
69 -> 66
66 -> 63
63 -> 61
61 -> 68
68 -> 67
67 -> 58
58 -> 49
49 -> 62
62 -> 65
65 -> 64
64 -> 60
60 -> 59
59 -> 57
57 -> 55
55 -> 50
50 -> 13
13 -> 30
30 -> 54
54 -> 53
53 -> 56
56 -> 52
52 -> 51
51 -> 48
48 -> 45
45 -> 46
46 -> 47
47 -> 43
43 -> 44
44 -> 42
42 -> 41
41 -> 40
40 -> 39
39 -> 37
37 -> 29
29 -> 27
27 -> 26
26 -> 34
34 -> 36
36 -> 35
35 -> 33
33 -> 32
32 -> 31
31 -> 28
28 -> 25
25 -> 23
23 -> 21
21 -> 20
20 -> 19
19 -> 18
18 -> 17
17 -> 16
16 -> 15
15 -> 14
14 -> 24
24 -> 1
1 -> 3
3 -> 12
12 -> 11
11 -> 9
9 -> 10
10 -> 8
8 -> 7
7 -> 5
5 -> 6
6 -> 4
4 -> 2
2 -> 1
1 -> 22
22 -> 213
213 -> 38
38 -> 327
327 -> 81
81 -> 250
250 -> 239
239 -> 498
498 -> 335
335 -> 89
89 -> 335
335 -> 371
371 -> 151
151 -> 2
2 -> 151
151 -> 407
407 -> 58
58 -> 407
407 -> 151
151 -> 371
371 -> 335
335 -> 498
498 -> 239
239 -> 444
444 -> 394
394 -> 191
191 -> 155
155 -> 315
315 -> 183
183 -> 63
63 -> 48
48 -> 284
284 -> 452
452 -> 284
284 -> 161
161 -> 284
284 -> 108
108 -> 497
497 -> 459
459 -> 160
160 -> 491
491 -> 450
450 -> 249
249 -> 84
84 -> 200
200 -> 488
488 -> 200
200 -> 420
420 -> 222
222 -> 170
170 -> 51
51 -> 337
337 -> 389
389 -> 131
131 -> 428
428 -> 5
5 -> 411
411 -> 401
401 -> 362
362 -> 401
401 -> 398
398 -> 392
392 -> 264
264 -> 311
311 -> 264
264 -> 492
492 -> 26
26 -> 306
306 -> 209
209 -> 203
203 -> 7
7 -> 14
14 -> 260
260 -> 29
29 -> 189
189 -> 408
408 -> 122
122 -> 408
408 -> 257
257 -> 199
199 -> 166
166 -> 331
331 -> 166
166 -> 424
424 -> 318
318 -> 24
24 -> 278
278 -> 402
402 -> 255
255 -> 402
402 -> 278
278 -> 24
24 -> 318
318 -> 424
424 -> 166
166 -> 199
199 -> 257
257 -> 408
408 -> 189
189 -> 29
29 -> 260
260 -> 439
439 -> 45
45 -> 242
242 -> 45
45 -> 439
439 -> 260
260 -> 14
14 -> 7
7 -> 237
237 -> 168
168 -> 361
361 -> 365
365 -> 332
332 -> 357
357 -> 254
254 -> 436
436 -> 117
117 -> 46
46 -> 297
297 -> 460
460 -> 297
297 -> 46
46 -> 47
47 -> 302
302 -> 66
66 -> 495
495 -> 66
66 -> 302
302 -> 47
47 -> 476
476 -> 47
47 -> 46
46 -> 117
117 -> 436
436 -> 254
254 -> 357
357 -> 332
332 -> 365
365 -> 361
361 -> 27
27 -> 307
307 -> 27
27 -> 361
361 -> 168
168 -> 237
237 -> 7
7 -> 203
203 -> 209
209 -> 306
306 -> 26
26 -> 492
492 -> 219
219 -> 492
492 -> 264
264 -> 392
392 -> 398
398 -> 401
401 -> 411
411 -> 5
5 -> 428
428 -> 131
131 -> 389
389 -> 337
337 -> 51
51 -> 170
170 -> 222
222 -> 137
137 -> 419
419 -> 137
137 -> 18
18 -> 266
266 -> 18
18 -> 157
157 -> 360
360 -> 93
93 -> 422
422 -> 290
290 -> 126
126 -> 290
290 -> 422
422 -> 93
93 -> 16
16 -> 241
241 -> 11
11 -> 442
442 -> 356
356 -> 442
442 -> 11
11 -> 241
241 -> 20
20 -> 317
317 -> 88
88 -> 317
317 -> 20
20 -> 146
146 -> 94
94 -> 245
245 -> 400
400 -> 181
181 -> 106
106 -> 446
446 -> 202
202 -> 148
148 -> 441
441 -> 76
76 -> 423
423 -> 120
120 -> 423
423 -> 76
76 -> 441
441 -> 269
269 -> 441
441 -> 148
148 -> 202
202 -> 281
281 -> 53
53 -> 348
348 -> 138
138 -> 86
86 -> 138
138 -> 348
348 -> 53
53 -> 363
363 -> 53
53 -> 281
281 -> 202
202 -> 446
446 -> 112
112 -> 446
446 -> 106
106 -> 181
181 -> 400
400 -> 313
313 -> 205
205 -> 208
208 -> 336
336 -> 145
145 -> 478
478 -> 416
416 -> 263
263 -> 139
139 -> 263
263 -> 416
416 -> 478
478 -> 145
145 -> 336
336 -> 208
208 -> 494
494 -> 56
56 -> 275
275 -> 56
56 -> 494
494 -> 352
352 -> 350
350 -> 434
434 -> 350
350 -> 352
352 -> 494
494 -> 208
208 -> 205
205 -> 313
313 -> 400
400 -> 245
245 -> 94
94 -> 146
146 -> 20
20 -> 241
241 -> 16
16 -> 93
93 -> 360
360 -> 157
157 -> 18
18 -> 137
137 -> 222
222 -> 420
420 -> 200
200 -> 84
84 -> 249
249 -> 450
450 -> 480
480 -> 169
169 -> 129
129 -> 169
169 -> 92
92 -> 210
210 -> 258
258 -> 210
210 -> 92
92 -> 349
349 -> 338
338 -> 349
349 -> 92
92 -> 54
54 -> 293
293 -> 274
274 -> 293
293 -> 54
54 -> 414
414 -> 221
221 -> 414
414 -> 54
54 -> 92
92 -> 169
169 -> 480
480 -> 450
450 -> 491
491 -> 125
125 -> 418
418 -> 247
247 -> 21
21 -> 247
247 -> 418
418 -> 325
325 -> 289
289 -> 395
395 -> 234
234 -> 152
152 -> 370
370 -> 152
152 -> 234
234 -> 395
395 -> 289
289 -> 431
431 -> 42
42 -> 216
216 -> 207
207 -> 216
216 -> 80
80 -> 132
132 -> 403
403 -> 472
472 -> 323
323 -> 287
287 -> 15
15 -> 111
111 -> 178
178 -> 240
240 -> 103
103 -> 59
59 -> 187
187 -> 115
115 -> 180
180 -> 271
271 -> 340
340 -> 70
70 -> 283
283 -> 70
70 -> 31
31 -> 455
455 -> 31
31 -> 226
226 -> 31
31 -> 70
70 -> 340
340 -> 271
271 -> 435
435 -> 483
483 -> 165
165 -> 308
308 -> 104
104 -> 40
40 -> 41
41 -> 6
6 -> 261
261 -> 6
6 -> 69
69 -> 136
136 -> 190
190 -> 341
341 -> 463
463 -> 475
475 -> 154
154 -> 299
299 -> 273
273 -> 304
304 -> 393
393 -> 304
304 -> 273
273 -> 299
299 -> 33
33 -> 25
25 -> 386
386 -> 82
82 -> 386
386 -> 100
100 -> 386
386 -> 25
25 -> 33
33 -> 299
299 -> 154
154 -> 475
475 -> 463
463 -> 341
341 -> 190
190 -> 136
136 -> 229
229 -> 34
34 -> 493
493 -> 486
486 -> 493
493 -> 451
451 -> 388
388 -> 451
451 -> 343
343 -> 43
43 -> 253
253 -> 432
432 -> 102
102 -> 12
12 -> 228
228 -> 12
12 -> 384
384 -> 259
259 -> 384
384 -> 12
12 -> 102
102 -> 432
432 -> 253
253 -> 43
43 -> 285
285 -> 156
156 -> 438
438 -> 71
71 -> 438
438 -> 156
156 -> 305
305 -> 156
156 -> 285
285 -> 43
43 -> 343
343 -> 451
451 -> 493
493 -> 34
34 -> 229
229 -> 136
136 -> 69
69 -> 6
6 -> 41
41 -> 40
40 -> 104
104 -> 308
308 -> 165
165 -> 8
8 -> 322
322 -> 176
176 -> 413
413 -> 52
52 -> 489
489 -> 52
52 -> 141
141 -> 212
212 -> 17
17 -> 220
220 -> 17
17 -> 212
212 -> 277
277 -> 485
485 -> 32
32 -> 485
485 -> 121
121 -> 467
467 -> 377
377 -> 272
272 -> 300
300 -> 464
464 -> 369
369 -> 314
314 -> 23
23 -> 153
153 -> 445
445 -> 153
153 -> 23
23 -> 314
314 -> 369
369 -> 464
464 -> 300
300 -> 499
499 -> 3
3 -> 217
217 -> 479
479 -> 217
217 -> 3
3 -> 133
133 -> 3
3 -> 499
499 -> 214
214 -> 367
367 -> 214
214 -> 39
39 -> 303
303 -> 57
57 -> 236
236 -> 57
57 -> 303
303 -> 448
448 -> 44
44 -> 282
282 -> 364
364 -> 282
282 -> 326
326 -> 344
344 -> 326
326 -> 282
282 -> 347
347 -> 211
211 -> 481
481 -> 243
243 -> 114
114 -> 10
10 -> 114
114 -> 243
243 -> 481
481 -> 457
457 -> 481
481 -> 211
211 -> 347
347 -> 354
354 -> 295
295 -> 279
279 -> 270
270 -> 201
201 -> 270
270 -> 279
279 -> 295
295 -> 354
354 -> 347
347 -> 282
282 -> 44
44 -> 448
448 -> 303
303 -> 39
39 -> 214
214 -> 333
333 -> 276
276 -> 333
333 -> 214
214 -> 499
499 -> 300
300 -> 272
272 -> 377
377 -> 467
467 -> 121
121 -> 358
358 -> 174
174 -> 358
358 -> 121
121 -> 485
485 -> 277
277 -> 212
212 -> 500
500 -> 123
123 -> 36
36 -> 294
294 -> 188
188 -> 265
265 -> 142
142 -> 231
231 -> 35
35 -> 227
227 -> 35
35 -> 469
469 -> 235
235 -> 196
196 -> 490
490 -> 230
230 -> 490
490 -> 397
397 -> 319
319 -> 397
397 -> 490
490 -> 196
196 -> 235
235 -> 469
469 -> 35
35 -> 231
231 -> 142
142 -> 265
265 -> 188
188 -> 294
294 -> 36
36 -> 123
123 -> 500
500 -> 60
60 -> 366
366 -> 387
387 -> 73
73 -> 124
124 -> 163
163 -> 124
124 -> 225
225 -> 119
119 -> 204
204 -> 65
65 -> 390
390 -> 65
65 -> 204
204 -> 119
119 -> 225
225 -> 124
124 -> 73
73 -> 387
387 -> 366
366 -> 60
60 -> 500
500 -> 212
212 -> 141
141 -> 52
52 -> 413
413 -> 176
176 -> 322
322 -> 8
8 -> 165
165 -> 483
483 -> 435
435 -> 271
271 -> 180
180 -> 115
115 -> 187
187 -> 59
59 -> 103
103 -> 240
240 -> 246
246 -> 224
224 -> 417
417 -> 268
268 -> 232
232 -> 215
215 -> 232
232 -> 9
9 -> 262
262 -> 373
373 -> 223
223 -> 116
116 -> 298
298 -> 171
171 -> 421
421 -> 83
83 -> 410
410 -> 291
291 -> 410
410 -> 353
353 -> 198
198 -> 127
127 -> 30
30 -> 127
127 -> 328
328 -> 471
471 -> 399
399 -> 484
484 -> 64
64 -> 484
484 -> 399
399 -> 471
471 -> 328
328 -> 127
127 -> 198
198 -> 353
353 -> 62
62 -> 28
28 -> 406
406 -> 466
466 -> 458
458 -> 164
164 -> 99
99 -> 128
128 -> 192
192 -> 177
177 -> 192
192 -> 193
193 -> 461
461 -> 194
194 -> 296
296 -> 465
465 -> 345
345 -> 372
372 -> 426
426 -> 487
487 -> 426
426 -> 372
372 -> 345
345 -> 465
465 -> 167
167 -> 465
465 -> 296
296 -> 194
194 -> 468
468 -> 309
309 -> 61
61 -> 309
309 -> 134
134 -> 143
143 -> 49
49 -> 182
182 -> 49
49 -> 74
74 -> 147
147 -> 195
195 -> 147
147 -> 374
374 -> 470
470 -> 374
374 -> 301
301 -> 107
107 -> 433
433 -> 449
449 -> 72
72 -> 380
380 -> 482
482 -> 380
380 -> 72
72 -> 449
449 -> 433
433 -> 107
107 -> 383
383 -> 329
329 -> 159
159 -> 329
329 -> 383
383 -> 179
179 -> 454
454 -> 130
130 -> 185
185 -> 149
149 -> 150
150 -> 391
391 -> 375
375 -> 68
68 -> 286
286 -> 453
453 -> 286
286 -> 256
256 -> 409
409 -> 172
172 -> 382
382 -> 456
456 -> 415
415 -> 251
251 -> 415
415 -> 456
456 -> 382
382 -> 172
172 -> 409
409 -> 351
351 -> 206
206 -> 412
412 -> 292
292 -> 412
412 -> 206
206 -> 113
113 -> 496
496 -> 280
280 -> 496
496 -> 113
113 -> 206
206 -> 351
351 -> 409
409 -> 256
256 -> 425
425 -> 378
378 -> 404
404 -> 87
87 -> 477
477 -> 101
101 -> 218
218 -> 474
474 -> 105
105 -> 252
252 -> 109
109 -> 252
252 -> 105
105 -> 474
474 -> 218
218 -> 101
101 -> 477
477 -> 267
267 -> 50
50 -> 267
267 -> 477
477 -> 87
87 -> 404
404 -> 95
95 -> 67
67 -> 13
13 -> 67
67 -> 95
95 -> 404
404 -> 378
378 -> 425
425 -> 256
256 -> 286
286 -> 68
68 -> 375
375 -> 391
391 -> 150
150 -> 149
149 -> 244
244 -> 140
140 -> 144
144 -> 55
55 -> 342
342 -> 233
233 -> 342
342 -> 55
55 -> 144
144 -> 140
140 -> 244
244 -> 149
149 -> 185
185 -> 130
130 -> 359
359 -> 288
288 -> 359
359 -> 130
130 -> 454
454 -> 179
179 -> 383
383 -> 107
107 -> 301
301 -> 374
374 -> 147
147 -> 74
74 -> 49
49 -> 143
143 -> 134
134 -> 309
309 -> 468
468 -> 194
194 -> 461
461 -> 193
193 -> 339
339 -> 430
430 -> 75
75 -> 430
430 -> 339
339 -> 193
193 -> 192
192 -> 128
128 -> 99
99 -> 164
164 -> 458
458 -> 466
466 -> 427
427 -> 316
316 -> 437
437 -> 162
162 -> 79
79 -> 162
162 -> 238
238 -> 334
334 -> 4
4 -> 440
440 -> 197
197 -> 98
98 -> 381
381 -> 98
98 -> 197
197 -> 440
440 -> 320
320 -> 85
85 -> 330
330 -> 175
175 -> 312
312 -> 396
396 -> 312
312 -> 175
175 -> 330
330 -> 85
85 -> 320
320 -> 440
440 -> 4
4 -> 334
334 -> 238
238 -> 162
162 -> 437
437 -> 316
316 -> 427
427 -> 466
466 -> 405
405 -> 310
310 -> 186
186 -> 310
310 -> 462
462 -> 97
97 -> 77
77 -> 376
376 -> 77
77 -> 97
97 -> 462
462 -> 310
310 -> 405
405 -> 466
466 -> 406
406 -> 28
28 -> 62
62 -> 353
353 -> 410
410 -> 83
83 -> 421
421 -> 171
171 -> 298
298 -> 116
116 -> 223
223 -> 373
373 -> 262
262 -> 173
173 -> 321
321 -> 173
173 -> 262
262 -> 9
9 -> 232
232 -> 268
268 -> 417
417 -> 96
96 -> 385
385 -> 447
447 -> 385
385 -> 96
96 -> 417
417 -> 224
224 -> 246
246 -> 240
240 -> 178
178 -> 248
248 -> 178
178 -> 111
111 -> 15
15 -> 287
287 -> 323
323 -> 472
472 -> 368
368 -> 355
355 -> 368
368 -> 472
472 -> 403
403 -> 132
132 -> 80
80 -> 216
216 -> 19
19 -> 158
158 -> 78
78 -> 346
346 -> 78
78 -> 158
158 -> 19
19 -> 216
216 -> 42
42 -> 431
431 -> 289
289 -> 325
325 -> 418
418 -> 125
125 -> 491
491 -> 160
160 -> 459
459 -> 497
497 -> 108
108 -> 284
284 -> 48
48 -> 63
63 -> 183
183 -> 315
315 -> 155
155 -> 135
135 -> 91
91 -> 379
379 -> 90
90 -> 443
443 -> 90
90 -> 379
379 -> 91
91 -> 135
135 -> 155
155 -> 191
191 -> 37
37 -> 429
429 -> 118
118 -> 473
473 -> 118
118 -> 429
429 -> 184
184 -> 429
429 -> 37
37 -> 191
191 -> 394
394 -> 444
444 -> 239
239 -> 250
250 -> 81
81 -> 327
327 -> 38
38 -> 213
213 -> 22
22 -> 1
1 -> 324
324 -> 110
110 -> 324
324 -> 1
1 -> 22
1 -> 22
22 -> 213
213 -> 38
38 -> 327
327 -> 81
81 -> 250
250 -> 239
239 -> 498
498 -> 335
335 -> 89
89 -> 335
335 -> 371
371 -> 151
151 -> 2
2 -> 151
151 -> 407
407 -> 58
58 -> 407
407 -> 151
151 -> 371
371 -> 335
335 -> 498
498 -> 239
239 -> 444
444 -> 394
394 -> 191
191 -> 155
155 -> 315
315 -> 183
183 -> 63
63 -> 48
48 -> 284
284 -> 452
452 -> 284
284 -> 161
161 -> 284
284 -> 108
108 -> 497
497 -> 459
459 -> 160
160 -> 491
491 -> 450
450 -> 249
249 -> 84
84 -> 200
200 -> 488
488 -> 200
200 -> 420
420 -> 222
222 -> 170
170 -> 51
51 -> 337
337 -> 389
389 -> 131
131 -> 428
428 -> 5
5 -> 411
411 -> 401
401 -> 362
362 -> 401
401 -> 398
398 -> 392
392 -> 264
264 -> 311
311 -> 264
264 -> 492
492 -> 26
26 -> 306
306 -> 209
209 -> 203
203 -> 7
7 -> 14
14 -> 260
260 -> 29
29 -> 189
189 -> 408
408 -> 122
122 -> 408
408 -> 257
257 -> 199
199 -> 166
166 -> 331
331 -> 166
166 -> 424
424 -> 318
318 -> 24
24 -> 278
278 -> 402
402 -> 255
255 -> 402
402 -> 278
278 -> 24
24 -> 318
318 -> 424
424 -> 166
166 -> 199
199 -> 257
257 -> 408
408 -> 189
189 -> 29
29 -> 260
260 -> 439
439 -> 45
45 -> 242
242 -> 45
45 -> 439
439 -> 260
260 -> 14
14 -> 7
7 -> 237
237 -> 168
168 -> 361
361 -> 365
365 -> 332
332 -> 357
357 -> 254
254 -> 436
436 -> 117
117 -> 46
46 -> 297
297 -> 460
460 -> 297
297 -> 46
46 -> 47
47 -> 302
302 -> 66
66 -> 495
495 -> 66
66 -> 302
302 -> 47
47 -> 476
476 -> 47
47 -> 46
46 -> 117
117 -> 436
436 -> 254
254 -> 357
357 -> 332
332 -> 365
365 -> 361
361 -> 27
27 -> 307
307 -> 27
27 -> 361
361 -> 168
168 -> 237
237 -> 7
7 -> 203
203 -> 209
209 -> 306
306 -> 26
26 -> 492
492 -> 219
219 -> 492
492 -> 264
264 -> 392
392 -> 398
398 -> 401
401 -> 411
411 -> 5
5 -> 428
428 -> 131
131 -> 389
389 -> 337
337 -> 51
51 -> 170
170 -> 222
222 -> 137
137 -> 419
419 -> 137
137 -> 18
18 -> 266
266 -> 18
18 -> 157
157 -> 360
360 -> 93
93 -> 422
422 -> 290
290 -> 126
126 -> 290
290 -> 422
422 -> 93
93 -> 16
16 -> 241
241 -> 11
11 -> 442
442 -> 356
356 -> 442
442 -> 11
11 -> 241
241 -> 20
20 -> 317
317 -> 88
88 -> 317
317 -> 20
20 -> 146
146 -> 94
94 -> 245
245 -> 400
400 -> 181
181 -> 106
106 -> 446
446 -> 202
202 -> 148
148 -> 441
441 -> 76
76 -> 423
423 -> 120
120 -> 423
423 -> 76
76 -> 441
441 -> 269
269 -> 441
441 -> 148
148 -> 202
202 -> 281
281 -> 53
53 -> 348
348 -> 138
138 -> 86
86 -> 138
138 -> 348
348 -> 53
53 -> 363
363 -> 53
53 -> 281
281 -> 202
202 -> 446
446 -> 112
112 -> 446
446 -> 106
106 -> 181
181 -> 400
400 -> 313
313 -> 205
205 -> 208
208 -> 336
336 -> 145
145 -> 478
478 -> 416
416 -> 263
263 -> 139
139 -> 263
263 -> 416
416 -> 478
478 -> 145
145 -> 336
336 -> 208
208 -> 494
494 -> 56
56 -> 275
275 -> 56
56 -> 494
494 -> 352
352 -> 350
350 -> 434
434 -> 350
350 -> 352
352 -> 494
494 -> 208
208 -> 205
205 -> 313
313 -> 400
400 -> 245
245 -> 94
94 -> 146
146 -> 20
20 -> 241
241 -> 16
16 -> 93
93 -> 360
360 -> 157
157 -> 18
18 -> 137
137 -> 222
222 -> 420
420 -> 200
200 -> 84
84 -> 249
249 -> 450
450 -> 480
480 -> 169
169 -> 129
129 -> 169
169 -> 92
92 -> 210
210 -> 258
258 -> 210
210 -> 92
92 -> 349
349 -> 338
338 -> 349
349 -> 92
92 -> 54
54 -> 293
293 -> 274
274 -> 293
293 -> 54
54 -> 414
414 -> 221
221 -> 414
414 -> 54
54 -> 92
92 -> 169
169 -> 480
480 -> 450
450 -> 491
491 -> 125
125 -> 418
418 -> 247
247 -> 21
21 -> 247
247 -> 418
418 -> 325
325 -> 289
289 -> 395
395 -> 234
234 -> 152
152 -> 370
370 -> 152
152 -> 234
234 -> 395
395 -> 289
289 -> 431
431 -> 42
42 -> 216
216 -> 207
207 -> 216
216 -> 80
80 -> 132
132 -> 403
403 -> 472
472 -> 323
323 -> 287
287 -> 15
15 -> 111
111 -> 178
178 -> 240
240 -> 103
103 -> 59
59 -> 187
187 -> 115
115 -> 180
180 -> 271
271 -> 340
340 -> 70
70 -> 283
283 -> 70
70 -> 31
31 -> 455
455 -> 31
31 -> 226
226 -> 31
31 -> 70
70 -> 340
340 -> 271
271 -> 435
435 -> 483
483 -> 165
165 -> 308
308 -> 104
104 -> 40
40 -> 41
41 -> 6
6 -> 261
261 -> 6
6 -> 69
69 -> 136
136 -> 190
190 -> 341
341 -> 463
463 -> 475
475 -> 154
154 -> 299
299 -> 273
273 -> 304
304 -> 393
393 -> 304
304 -> 273
273 -> 299
299 -> 33
33 -> 25
25 -> 386
386 -> 82
82 -> 386
386 -> 100
100 -> 386
386 -> 25
25 -> 33
33 -> 299
299 -> 154
154 -> 475
475 -> 463
463 -> 341
341 -> 190
190 -> 136
136 -> 229
229 -> 34
34 -> 493
493 -> 486
486 -> 493
493 -> 451
451 -> 388
388 -> 451
451 -> 343
343 -> 43
43 -> 253
253 -> 432
432 -> 102
102 -> 12
12 -> 228
228 -> 12
12 -> 384
384 -> 259
259 -> 384
384 -> 12
12 -> 102
102 -> 432
432 -> 253
253 -> 43
43 -> 285
285 -> 156
156 -> 438
438 -> 71
71 -> 438
438 -> 156
156 -> 305
305 -> 156
156 -> 285
285 -> 43
43 -> 343
343 -> 451
451 -> 493
493 -> 34
34 -> 229
229 -> 136
136 -> 69
69 -> 6
6 -> 41
41 -> 40
40 -> 104
104 -> 308
308 -> 165
165 -> 8
8 -> 322
322 -> 176
176 -> 413
413 -> 52
52 -> 489
489 -> 52
52 -> 141
141 -> 212
212 -> 17
17 -> 220
220 -> 17
17 -> 212
212 -> 277
277 -> 485
485 -> 32
32 -> 485
485 -> 121
121 -> 467
467 -> 377
377 -> 272
272 -> 300
300 -> 464
464 -> 369
369 -> 314
314 -> 23
23 -> 153
153 -> 445
445 -> 153
153 -> 23
23 -> 314
314 -> 369
369 -> 464
464 -> 300
300 -> 499
499 -> 3
3 -> 217
217 -> 479
479 -> 217
217 -> 3
3 -> 133
133 -> 3
3 -> 499
499 -> 214
214 -> 367
367 -> 214
214 -> 39
39 -> 303
303 -> 57
57 -> 236
236 -> 57
57 -> 303
303 -> 448
448 -> 44
44 -> 282
282 -> 364
364 -> 282
282 -> 326
326 -> 344
344 -> 326
326 -> 282
282 -> 347
347 -> 211
211 -> 481
481 -> 243
243 -> 114
114 -> 10
10 -> 114
114 -> 243
243 -> 481
481 -> 457
457 -> 481
481 -> 211
211 -> 347
347 -> 354
354 -> 295
295 -> 279
279 -> 270
270 -> 201
201 -> 270
270 -> 279
279 -> 295
295 -> 354
354 -> 347
347 -> 282
282 -> 44
44 -> 448
448 -> 303
303 -> 39
39 -> 214
214 -> 333
333 -> 276
276 -> 333
333 -> 214
214 -> 499
499 -> 300
300 -> 272
272 -> 377
377 -> 467
467 -> 121
121 -> 358
358 -> 174
174 -> 358
358 -> 121
121 -> 485
485 -> 277
277 -> 212
212 -> 500
500 -> 123
123 -> 36
36 -> 294
294 -> 188
188 -> 265
265 -> 142
142 -> 231
231 -> 35
35 -> 227
227 -> 35
35 -> 469
469 -> 235
235 -> 196
196 -> 490
490 -> 230
230 -> 490
490 -> 397
397 -> 319
319 -> 397
397 -> 490
490 -> 196
196 -> 235
235 -> 469
469 -> 35
35 -> 231
231 -> 142
142 -> 265
265 -> 188
188 -> 294
294 -> 36
36 -> 123
123 -> 500
500 -> 60
60 -> 366
366 -> 387
387 -> 73
73 -> 124
124 -> 163
163 -> 124
124 -> 225
225 -> 119
119 -> 204
204 -> 65
65 -> 390
390 -> 65
65 -> 204
204 -> 119
119 -> 225
225 -> 124
124 -> 73
73 -> 387
387 -> 366
366 -> 60
60 -> 500
500 -> 212
212 -> 141
141 -> 52
52 -> 413
413 -> 176
176 -> 322
322 -> 8
8 -> 165
165 -> 483
483 -> 435
435 -> 271
271 -> 180
180 -> 115
115 -> 187
187 -> 59
59 -> 103
103 -> 240
240 -> 246
246 -> 224
224 -> 417
417 -> 268
268 -> 232
232 -> 215
215 -> 232
232 -> 9
9 -> 262
262 -> 373
373 -> 223
223 -> 116
116 -> 298
298 -> 171
171 -> 421
421 -> 83
83 -> 410
410 -> 291
291 -> 410
410 -> 353
353 -> 198
198 -> 127
127 -> 30
30 -> 127
127 -> 328
328 -> 471
471 -> 399
399 -> 484
484 -> 64
64 -> 484
484 -> 399
399 -> 471
471 -> 328
328 -> 127
127 -> 198
198 -> 353
353 -> 62
62 -> 28
28 -> 406
406 -> 466
466 -> 458
458 -> 164
164 -> 99
99 -> 128
128 -> 192
192 -> 177
177 -> 192
192 -> 193
193 -> 461
461 -> 194
194 -> 296
296 -> 465
465 -> 345
345 -> 372
372 -> 426
426 -> 487
487 -> 426
426 -> 372
372 -> 345
345 -> 465
465 -> 167
167 -> 465
465 -> 296
296 -> 194
194 -> 468
468 -> 309
309 -> 61
61 -> 309
309 -> 134
134 -> 143
143 -> 49
49 -> 182
182 -> 49
49 -> 74
74 -> 147
147 -> 195
195 -> 147
147 -> 374
374 -> 470
470 -> 374
374 -> 301
301 -> 107
107 -> 433
433 -> 449
449 -> 72
72 -> 380
380 -> 482
482 -> 380
380 -> 72
72 -> 449
449 -> 433
433 -> 107
107 -> 383
383 -> 329
329 -> 159
159 -> 329
329 -> 383
383 -> 179
179 -> 454
454 -> 130
130 -> 185
185 -> 149
149 -> 150
150 -> 391
391 -> 375
375 -> 68
68 -> 286
286 -> 453
453 -> 286
286 -> 256
256 -> 409
409 -> 172
172 -> 382
382 -> 456
456 -> 415
415 -> 251
251 -> 415
415 -> 456
456 -> 382
382 -> 172
172 -> 409
409 -> 351
351 -> 206
206 -> 412
412 -> 292
292 -> 412
412 -> 206
206 -> 113
113 -> 496
496 -> 280
280 -> 496
496 -> 113
113 -> 206
206 -> 351
351 -> 409
409 -> 256
256 -> 425
425 -> 378
378 -> 404
404 -> 87
87 -> 477
477 -> 101
101 -> 218
218 -> 474
474 -> 105
105 -> 252
252 -> 109
109 -> 252
252 -> 105
105 -> 474
474 -> 218
218 -> 101
101 -> 477
477 -> 267
267 -> 50
50 -> 267
267 -> 477
477 -> 87
87 -> 404
404 -> 95
95 -> 67
67 -> 13
13 -> 67
67 -> 95
95 -> 404
404 -> 378
378 -> 425
425 -> 256
256 -> 286
286 -> 68
68 -> 375
375 -> 391
391 -> 150
150 -> 149
149 -> 244
244 -> 140
140 -> 144
144 -> 55
55 -> 342
342 -> 233
233 -> 342
342 -> 55
55 -> 144
144 -> 140
140 -> 244
244 -> 149
149 -> 185
185 -> 130
130 -> 359
359 -> 288
288 -> 359
359 -> 130
130 -> 454
454 -> 179
179 -> 383
383 -> 107
107 -> 301
301 -> 374
374 -> 147
147 -> 74
74 -> 49
49 -> 143
143 -> 134
134 -> 309
309 -> 468
468 -> 194
194 -> 461
461 -> 193
193 -> 339
339 -> 430
430 -> 75
75 -> 430
430 -> 339
339 -> 193
193 -> 192
192 -> 128
128 -> 99
99 -> 164
164 -> 458
458 -> 466
466 -> 427
427 -> 316
316 -> 437
437 -> 162
162 -> 79
79 -> 162
162 -> 238
238 -> 334
334 -> 4
4 -> 440
440 -> 197
197 -> 98
98 -> 381
381 -> 98
98 -> 197
197 -> 440
440 -> 320
320 -> 85
85 -> 330
330 -> 175
175 -> 312
312 -> 396
396 -> 312
312 -> 175
175 -> 330
330 -> 85
85 -> 320
320 -> 440
440 -> 4
4 -> 334
334 -> 238
238 -> 162
162 -> 437
437 -> 316
316 -> 427
427 -> 466
466 -> 405
405 -> 310
310 -> 186
186 -> 310
310 -> 462
462 -> 97
97 -> 77
77 -> 376
376 -> 77
77 -> 97
97 -> 462
462 -> 310
310 -> 405
405 -> 466
466 -> 406
406 -> 28
28 -> 62
62 -> 353
353 -> 410
410 -> 83
83 -> 421
421 -> 171
171 -> 298
298 -> 116
116 -> 223
223 -> 373
373 -> 262
262 -> 173
173 -> 321
321 -> 173
173 -> 262
262 -> 9
9 -> 232
232 -> 268
268 -> 417
417 -> 96
96 -> 385
385 -> 447
447 -> 385
385 -> 96
96 -> 417
417 -> 224
224 -> 246
246 -> 240
240 -> 178
178 -> 248
248 -> 178
178 -> 111
111 -> 15
15 -> 287
287 -> 323
323 -> 472
472 -> 368
368 -> 355
355 -> 368
368 -> 472
472 -> 403
403 -> 132
132 -> 80
80 -> 216
216 -> 19
19 -> 158
158 -> 78
78 -> 346
346 -> 78
78 -> 158
158 -> 19
19 -> 216
216 -> 42
42 -> 431
431 -> 289
289 -> 325
325 -> 418
418 -> 125
125 -> 491
491 -> 160
160 -> 459
459 -> 497
497 -> 108
108 -> 284
284 -> 48
48 -> 63
63 -> 183
183 -> 315
315 -> 155
155 -> 135
135 -> 91
91 -> 379
379 -> 90
90 -> 443
443 -> 90
90 -> 379
379 -> 91
91 -> 135
135 -> 155
155 -> 191
191 -> 37
37 -> 429
429 -> 118
118 -> 473
473 -> 118
118 -> 429
429 -> 184
184 -> 429
429 -> 37
37 -> 191
191 -> 394
394 -> 444
444 -> 239
239 -> 250
250 -> 81
81 -> 327
327 -> 38
38 -> 213
213 -> 22
22 -> 1
1 -> 324
324 -> 110
110 -> 324
324 -> 1
1 -> 22
